ADC 308.01906086387436 -7.773437500000004 33098.11625 0.0
ADC 308.01906086387436 -7.714843750000005 33098.11625 0.0
ADC 308.01906086387436 -7.773437500000004 33098.11625 0.0
ADC 308.01906086387436 -8.007812499999998 33098.11625 0.0
ADC 308.01906086387436 -8.154296875000005 33098.11625 0.0
ADC 308.01906086387436 -8.037109375 33098.11625 0.0
ADC 308.01906086387436 -8.154296875000005 33098.11625 0.0
ADC 308.01906086387436 -8.212890625000004 33098.11625 0.0
ADC 308.01906086387436 -8.125000000000004 33098.11625 0.0
ADC 308.01906086387436 -8.095703125000004 33098.11625 0.0
ADC 308.01906086387436 -8.037109375 33098.11625 0.0
ADC 308.01906086387436 -8.564453125000004 33098.11625 0.0
ADC 308.0957542539267 -8.740234374999996 33098.11625 0.0
ADC 308.01906086387436 -8.593750000000005 33098.11625 0.0
ADC 308.01906086387436 -8.535156250000004 33098.11625 0.0
ADC 308.01906086387436 -8.388671874999996 33098.11625 0.0
ADC 308.01906086387436 -8.974609374999998 33098.11625 0.0
ADC 308.4025278141361 -9.033203125000005 33098.11625 0.0
ADC 308.4025278141361 -9.472656250000005 33098.11625 0.0
ADC 308.4025278141361 -9.443359375000004 33098.11625 0.0
ADC 308.4025278141361 -9.326171874999998 33098.11625 0.0
ADC 308.4025278141361 -9.531250000000004 33098.11625 0.0
ADC 308.4025278141361 -9.501953125000007 33098.11625 0.0
ADC 308.4025278141361 -9.648437499999996 33098.11625 0.0
ADC 308.4025278141361 -9.882812500000004 33098.11625 0.0
ADC 308.4025278141361 -10.175781249999996 33098.11625 0.0
ADC 308.7859947643979 -10.292968750000004 33098.11625 0.0
ADC 309.1694617146597 -10.000000000000005 33098.11625 0.0
ADC 309.93639561518324 -9.619140625 33098.11625 0.0
ADC 311.08679646596863 -9.1796875 33098.11625 0.0
ADC 313.771065117801 -7.919921874999998 33098.11625 0.0
ADC 316.83880071989535 -6.777343750000003 33098.11625 0.0
ADC 344.98527486910996 -2.67578125 33098.11625 0.0
ADC 317.60573462041884 -3.3203125 33098.11625 0.0
ADC 314.9214659685864 -4.43359375 33098.11625 0.0
ADC 313.0041312172775 -4.7265625 33098.11625 0.0
ADC 311.7003435863874 -5.1953125 33098.11625 0.0
ADC 313.0041312172775 -5.283203125 33098.11625 0.0
ADC 315.3049329188482 -4.19921875 33098.11625 0.0
ADC 319.98322971204186 -3.232421875 33098.11625 0.0
ADC 324.73821989528795 -3.26171875 33098.11625 0.0
ADC 313.8477585078534 -7.59765625 26059.05375 0.0
ADC 317.60573462041884 -7.978515624999997 25945.7725 0.0
ADC 311.4702634162304 -8.505859375000002 25852.0225 0.0
ADC 311.08679646596863 -8.945312500000002 25375.46 0.0
