Kit:  b'c000s002g002t034r000p000h17b06319*37\r\n'
wind direction:  0.0  degrees
wind speed avg:  0.8940800000000001  m/s
wind speed:  0.8940800000000001  m/s
temperature:  1.1111111111111112  centigrade
humidity:  17.0 %
pressure:  631.9 hpa
Kit:  b'c000s002g003t034r000p000h16b06319*37\r\n'
wind direction:  0.0  degrees
wind speed avg:  0.8940800000000001  m/s
wind speed:  1.34112  m/s
temperature:  1.1111111111111112  centigrade
humidity:  16.0 %
pressure:  631.9 hpa
Kit:  b'c000s000g003t034r000p000h16b06319*35\r\n'
wind direction:  0.0  degrees
wind speed avg:  0.0  m/s
wind speed:  1.34112  m/s
temperature:  1.1111111111111112  centigrade
humidity:  16.0 %
pressure:  631.9 hpa
Kit:  b'c000s001g002t034r000p000h16b06320*3F\r\n'
wind direction:  0.0  degrees
wind speed avg:  0.44704000000000005  m/s
wind speed:  0.8940800000000001  m/s
temperature:  1.1111111111111112  centigrade
humidity:  16.0 %
pressure:  632.0 hpa
Kit:  b'c000s001g002t034r000p000h16b06320*3F\r\n'
wind direction:  0.0  degrees
wind speed avg:  0.44704000000000005  m/s
wind speed:  0.8940800000000001  m/s
temperature:  1.1111111111111112  centigrade
humidity:  16.0 %
pressure:  632.0 hpa
Kit:  b'c000s000g002t035r000p000h15b06319*36\r\n'
wind direction:  0.0  degrees
wind speed avg:  0.0  m/s
wind speed:  0.8940800000000001  m/s
temperature:  1.6666666666666667  centigrade
humidity:  15.0 %
pressure:  631.9 hpa
Kit:  b'c000s000g001t035r000p000h15b06320*3F\r\n'
wind direction:  0.0  degrees
wind speed avg:  0.0  m/s
wind speed:  0.44704000000000005  m/s
temperature:  1.6666666666666667  centigrade
humidity:  15.0 %
pressure:  632.0 hpa
Kit:  b'c000s001g002t035r000p000h15b06321*3C\r\n'
wind direction:  0.0  degrees
wind speed avg:  0.44704000000000005  m/s
wind speed:  0.8940800000000001  m/s
temperature:  1.6666666666666667  centigrade
humidity:  15.0 %
pressure:  632.1 hpa
Kit:  b'c000s000g002t035r000p000h15b06322*3E\r\n'
wind direction:  0.0  degrees
wind speed avg:  0.0  m/s
wind speed:  0.8940800000000001  m/s
temperature:  1.6666666666666667  centigrade
humidity:  15.0 %
pressure:  632.2 hpa
Kit:  b'c000s001g002t035r000p000h15b06323*3E\r\n'
wind direction:  0.0  degrees
wind speed avg:  0.44704000000000005  m/s
wind speed:  0.8940800000000001  m/s
temperature:  1.6666666666666667  centigrade
humidity:  15.0 %
pressure:  632.3 hpa
Kit:  b'c000s000g002t035r000p000h15b06322*3E\r\n'
wind direction:  0.0  degrees
wind speed avg:  0.0  m/s
wind speed:  0.8940800000000001  m/s
temperature:  1.6666666666666667  centigrade
humidity:  15.0 %
pressure:  632.2 hpa
Kit:  b'c000s000g002t036r000p000h15b06323*3C\r\n'
wind direction:  0.0  degrees
wind speed avg:  0.0  m/s
wind speed:  0.8940800000000001  m/s
temperature:  2.2222222222222223  centigrade
humidity:  15.0 %
pressure:  632.3 hpa
Kit:  b'c000s000g001t035r000p000h15b06323*3C\r\n'
wind direction:  0.0  degrees
wind speed avg:  0.0  m/s
wind speed:  0.44704000000000005  m/s
temperature:  1.6666666666666667  centigrade
humidity:  15.0 %
pressure:  632.3 hpa
Kit:  b'c000s000g001t036r000p000h15b06323*3F\r\n'
wind direction:  0.0  degrees
wind speed avg:  0.0  m/s
wind speed:  0.44704000000000005  m/s
temperature:  2.2222222222222223  centigrade
humidity:  15.0 %
pressure:  632.3 hpa
Kit:  b'c000s000g001t035r000p000h14b06324*3A\r\n'
wind direction:  0.0  degrees
wind speed avg:  0.0  m/s
wind speed:  0.44704000000000005  m/s
temperature:  1.6666666666666667  centigrade
humidity:  14.0 %
pressure:  632.4 hpa
Kit:  b'c000s000g004t035r000p000h15b06324*3E\r\n'
wind direction:  0.0  degrees
wind speed avg:  0.0  m/s
wind speed:  1.7881600000000002  m/s
temperature:  1.6666666666666667  centigrade
humidity:  15.0 %
pressure:  632.4 hpa
Kit:  b'c045s001g002t035r000p000h15b06325*39\r\n'
wind direction:  45.0  degrees
wind speed avg:  0.44704000000000005  m/s
wind speed:  0.8940800000000001  m/s
temperature:  1.6666666666666667  centigrade
humidity:  15.0 %
pressure:  632.5 hpa
Kit:  b'c045s001g002t035r000p000h15b06325*39\r\n'
wind direction:  45.0  degrees
wind speed avg:  0.44704000000000005  m/s
wind speed:  0.8940800000000001  m/s
temperature:  1.6666666666666667  centigrade
humidity:  15.0 %
pressure:  632.5 hpa
Kit:  b'c045s000g002t035r000p000h15b06326*3B\r\n'
wind direction:  45.0  degrees
wind speed avg:  0.0  m/s
wind speed:  0.8940800000000001  m/s
temperature:  1.6666666666666667  centigrade
humidity:  15.0 %
pressure:  632.6 hpa
Kit:  b'c045s002g004t034r000p000h15b06327*3F\r\n'
wind direction:  45.0  degrees
wind speed avg:  0.8940800000000001  m/s
wind speed:  1.7881600000000002  m/s
temperature:  1.1111111111111112  centigrade
humidity:  15.0 %
pressure:  632.7 hpa
Kit:  b'4r000p000h15b06327*3A\r\n'
Traceback (most recent call last):
  File "/home/pi/AWS/Scripts/kit.py", line 70, in <module>
    win_dir += win_direction()
  File "/home/pi/AWS/Scripts/kit.py", line 34, in win_direction
    return int(x[1:4])
ValueError: invalid literal for int() with base 10: b'r00'
Kit:  b'15b06326*38\r\n'
Traceback (most recent call last):
  File "/home/pi/AWS/Scripts/kit.py", line 70, in <module>
    win_dir += win_direction()
  File "/home/pi/AWS/Scripts/kit.py", line 34, in win_direction
    return int(x[1:4])
ValueError: invalid literal for int() with base 10: b'5b0'
Kit:  b'c045s000g000t035r000p000h15b06326*39\r\n'
wind direction:  45.0  degrees
wind speed avg:  0.0  m/s
wind speed:  0.0  m/s
temperature:  1.6666666666666667  centigrade
humidity:  15.0 %
pressure:  632.6 hpa
Kit:  b'c000s000g002t035r000p000h15b06327*3B\r\n'
wind direction:  0.0  degrees
wind speed avg:  0.0  m/s
wind speed:  0.8940800000000001  m/s
temperature:  1.6666666666666667  centigrade
humidity:  15.0 %
pressure:  632.7 hpa
Kit:  b'c045s000g002t035r000p000h15b06327*3A\r\n'
wind direction:  45.0  degrees
wind speed avg:  0.0  m/s
wind speed:  0.8940800000000001  m/s
temperature:  1.6666666666666667  centigrade
humidity:  15.0 %
pressure:  632.7 hpa
Kit:  b'c045s000g001t035r000p000h15b06327*39\r\n'
wind direction:  45.0  degrees
wind speed avg:  0.0  m/s
wind speed:  0.44704000000000005  m/s
temperature:  1.6666666666666667  centigrade
humidity:  15.0 %
pressure:  632.7 hpa
Kit:  b''
Traceback (most recent call last):
  File "/home/pi/AWS/Scripts/kit.py", line 70, in <module>
    win_dir += win_direction()
  File "/home/pi/AWS/Scripts/kit.py", line 34, in win_direction
    return int(x[1:4])
ValueError: invalid literal for int() with base 10: b''
Kit:  b'c180s000g002t035r000p000h15b06328*3D\r\n'
wind direction:  180.0  degrees
wind speed avg:  0.0  m/s
wind speed:  0.8940800000000001  m/s
temperature:  1.6666666666666667  centigrade
humidity:  15.0 %
pressure:  632.8 hpa
Kit:  b'c180s000g002t035r000p000h15b06328*3D\r\n'
wind direction:  180.0  degrees
wind speed avg:  0.0  m/s
wind speed:  0.8940800000000001  m/s
temperature:  1.6666666666666667  centigrade
humidity:  15.0 %
pressure:  632.8 hpa
Kit:  b'c180s000g001t035r000p000h15b06328*3E\r\n'
wind direction:  180.0  degrees
wind speed avg:  0.0  m/s
wind speed:  0.44704000000000005  m/s
temperature:  1.6666666666666667  centigrade
humidity:  15.0 %
pressure:  632.8 hpa
Kit:  b'c045s000g002t035r000p000h15b06329*34\r\n'
wind direction:  45.0  degrees
wind speed avg:  0.0  m/s
wind speed:  0.8940800000000001  m/s
temperature:  1.6666666666666667  centigrade
humidity:  15.0 %
pressure:  632.9 hpa
Kit:  b'c045s000g001t035r000p000h15b06329*37\r\n'
wind direction:  45.0  degrees
wind speed avg:  0.0  m/s
wind speed:  0.44704000000000005  m/s
temperature:  1.6666666666666667  centigrade
humidity:  15.0 %
pressure:  632.9 hpa
Kit:  b'c045s000g002t035r000p000h15b06329*34\r\n'
wind direction:  45.0  degrees
wind speed avg:  0.0  m/s
wind speed:  0.8940800000000001  m/s
temperature:  1.6666666666666667  centigrade
humidity:  15.0 %
pressure:  632.9 hpa
Kit:  b'c045s000g001t035r000p000h15b06330*3F\r\n'
wind direction:  45.0  degrees
wind speed avg:  0.0  m/s
wind speed:  0.44704000000000005  m/s
temperature:  1.6666666666666667  centigrade
humidity:  15.0 %
pressure:  633.0 hpa
Kit:  b'c045s000g002t035r000p000h15b06330*3C\r\n'
wind direction:  45.0  degrees
wind speed avg:  0.0  m/s
wind speed:  0.8940800000000001  m/s
temperature:  1.6666666666666667  centigrade
humidity:  15.0 %
pressure:  633.0 hpa
Kit:  b'c045s000g002t035r000p000h15b06331*3D\r\n'
wind direction:  45.0  degrees
wind speed avg:  0.0  m/s
wind speed:  0.8940800000000001  m/s
temperature:  1.6666666666666667  centigrade
humidity:  15.0 %
pressure:  633.1 hpa
Kit:  b'c045s000g001t035r000p000h15b06331*3E\r\n'
wind direction:  45.0  degrees
wind speed avg:  0.0  m/s
wind speed:  0.44704000000000005  m/s
temperature:  1.6666666666666667  centigrade
humidity:  15.0 %
pressure:  633.1 hpa
Kit:  b'c045s001g002t035r000p000h15b06330*3D\r\n'
wind direction:  45.0  degrees
wind speed avg:  0.44704000000000005  m/s
wind speed:  0.8940800000000001  m/s
temperature:  1.6666666666666667  centigrade
humidity:  15.0 %
pressure:  633.0 hpa
Kit:  b'c000s001g002t035r000p000h16b06331*3E\r\n'
wind direction:  0.0  degrees
wind speed avg:  0.44704000000000005  m/s
wind speed:  0.8940800000000001  m/s
temperature:  1.6666666666666667  centigrade
humidity:  16.0 %
pressure:  633.1 hpa
Kit:  b'c000s000g002t035r000p000h16b06330*3E\r\n'
wind direction:  0.0  degrees
wind speed avg:  0.0  m/s
wind speed:  0.8940800000000001  m/s
temperature:  1.6666666666666667  centigrade
humidity:  16.0 %
pressure:  633.0 hpa
Kit:  b'c000s000g001t035r000p000h15b06331*3F\r\n'
wind direction:  0.0  degrees
wind speed avg:  0.0  m/s
wind speed:  0.44704000000000005  m/s
temperature:  1.6666666666666667  centigrade
humidity:  15.0 %
pressure:  633.1 hpa
Kit:  b'c315s000g000t035r000p000h15b06331*39\r\n'
wind direction:  315.0  degrees
wind speed avg:  0.0  m/s
wind speed:  0.0  m/s
temperature:  1.6666666666666667  centigrade
humidity:  15.0 %
pressure:  633.1 hpa
Kit:  b'c315s000g001t035r000p000h15b06331*38\r\n'
wind direction:  315.0  degrees
wind speed avg:  0.0  m/s
wind speed:  0.44704000000000005  m/s
temperature:  1.6666666666666667  centigrade
humidity:  15.0 %
pressure:  633.1 hpa
Kit:  b'c000s000g002t035r000p000h15b06331*3C\r\n'
wind direction:  0.0  degrees
wind speed avg:  0.0  m/s
wind speed:  0.8940800000000001  m/s
temperature:  1.6666666666666667  centigrade
humidity:  15.0 %
pressure:  633.1 hpa
Kit:  b'c045s000g001t035r000p000h15b06331*3E\r\n'
wind direction:  45.0  degrees
wind speed avg:  0.0  m/s
wind speed:  0.44704000000000005  m/s
temperature:  1.6666666666666667  centigrade
humidity:  15.0 %
pressure:  633.1 hpa
Kit:  b'c000s000g002t035r000p000h15b06331*3C\r\n'
wind direction:  0.0  degrees
wind speed avg:  0.0  m/s
wind speed:  0.8940800000000001  m/s
temperature:  1.6666666666666667  centigrade
humidity:  15.0 %
pressure:  633.1 hpa
Kit:  b'c045s001g002t035r000p000h15b06331*3C\r\n'
wind direction:  45.0  degrees
wind speed avg:  0.44704000000000005  m/s
wind speed:  0.8940800000000001  m/s
temperature:  1.6666666666666667  centigrade
humidity:  15.0 %
pressure:  633.1 hpa
Kit:  b'c000s000g003t035r000p000h16b06331*3E\r\n'
wind direction:  0.0  degrees
wind speed avg:  0.0  m/s
wind speed:  1.34112  m/s
temperature:  1.6666666666666667  centigrade
humidity:  16.0 %
pressure:  633.1 hpa
Kit:  b'c000s001g002t034r000p000h16b06330*3E\r\n'
wind direction:  0.0  degrees
wind speed avg:  0.44704000000000005  m/s
wind speed:  0.8940800000000001  m/s
temperature:  1.1111111111111112  centigrade
humidity:  16.0 %
pressure:  633.0 hpa
Kit:  b'c000s000g002t034r000p000h16b06330*3F\r\n'
wind direction:  0.0  degrees
wind speed avg:  0.0  m/s
wind speed:  0.8940800000000001  m/s
temperature:  1.1111111111111112  centigrade
humidity:  16.0 %
pressure:  633.0 hpa
Kit:  b'c315s001g003t034r000p000h16b06329*30\r\n'
wind direction:  315.0  degrees
wind speed avg:  0.44704000000000005  m/s
wind speed:  1.34112  m/s
temperature:  1.1111111111111112  centigrade
humidity:  16.0 %
pressure:  632.9 hpa
Kit:  b'c180s004g006t035r000p000h17b06330*36\r\n'
wind direction:  180.0  degrees
wind speed avg:  1.7881600000000002  m/s
wind speed:  2.68224  m/s
temperature:  1.6666666666666667  centigrade
humidity:  17.0 %
pressure:  633.0 hpa
Kit:  b'c225s003g007t034r000p000h19b06330*33\r\n'
wind direction:  225.0  degrees
wind speed avg:  1.34112  m/s
wind speed:  3.12928  m/s
temperature:  1.1111111111111112  centigrade
humidity:  19.0 %
pressure:  633.0 hpa
Kit:  b'c225s005g009t034r000p000h21b06330*30\r\n'
wind direction:  225.0  degrees
wind speed avg:  2.2352  m/s
wind speed:  4.02336  m/s
temperature:  1.1111111111111112  centigrade
humidity:  21.0 %
pressure:  633.0 hpa
Kit:  b'c225s005g008t034r000p000h22b06330*32\r\n'
wind direction:  225.0  degrees
wind speed avg:  2.2352  m/s
wind speed:  3.5763200000000004  m/s
temperature:  1.1111111111111112  centigrade
humidity:  22.0 %
pressure:  633.0 hpa
Kit:  b'c225s005g009t034r000p000h22b06329*3B\r\n'
wind direction:  225.0  degrees
wind speed avg:  2.2352  m/s
wind speed:  4.02336  m/s
temperature:  1.1111111111111112  centigrade
humidity:  22.0 %
pressure:  632.9 hpa
Kit:  b'c225s006g010t033r000p000h23b06328*37\r\n'
wind direction:  225.0  degrees
wind speed avg:  2.68224  m/s
wind speed:  4.4704  m/s
temperature:  0.5555555555555556  centigrade
humidity:  23.0 %
pressure:  632.8 hpa
Kit:  b'c225s005g008t033r000p000h23b06328*3D\r\n'
wind direction:  225.0  degrees
wind speed avg:  2.2352  m/s
wind speed:  3.5763200000000004  m/s
temperature:  0.5555555555555556  centigrade
humidity:  23.0 %
pressure:  632.8 hpa
Kit:  b'c270s005g007t033r000p000h23b06328*32\r\n'
wind direction:  270.0  degrees
wind speed avg:  2.2352  m/s
wind speed:  3.12928  m/s
temperature:  0.5555555555555556  centigrade
humidity:  23.0 %
pressure:  632.8 hpa
Kit:  b'c225s004g010t033r000p000h24b06328*32\r\n'
wind direction:  225.0  degrees
wind speed avg:  1.7881600000000002  m/s
wind speed:  4.4704  m/s
temperature:  0.5555555555555556  centigrade
humidity:  24.0 %
pressure:  632.8 hpa
Kit:  b'c270s001g005t033r000p000h23b06327*3B\r\n'
wind direction:  270.0  degrees
wind speed avg:  0.44704000000000005  m/s
wind speed:  2.2352  m/s
temperature:  0.5555555555555556  centigrade
humidity:  23.0 %
pressure:  632.7 hpa
Kit:  b'c270s002g008t034r000p000h23b06327*32\r\n'
wind direction:  270.0  degrees
wind speed avg:  0.8940800000000001  m/s
wind speed:  3.5763200000000004  m/s
temperature:  1.1111111111111112  centigrade
humidity:  23.0 %
pressure:  632.7 hpa
Kit:  b'c270s001g008t034r000p000h22b06327*30\r\n'
wind direction:  270.0  degrees
wind speed avg:  0.44704000000000005  m/s
wind speed:  3.5763200000000004  m/s
temperature:  1.1111111111111112  centigrade
humidity:  22.0 %
pressure:  632.7 hpa
Kit:  b'c000s000g003t034r000p000h22b06328*30\r\n'
wind direction:  0.0  degrees
wind speed avg:  0.0  m/s
wind speed:  1.34112  m/s
temperature:  1.1111111111111112  centigrade
humidity:  22.0 %
pressure:  632.8 hpa
Kit:  b'c045s002g007t034r000p000h21b06328*34\r\n'
wind direction:  45.0  degrees
wind speed avg:  0.8940800000000001  m/s
wind speed:  3.12928  m/s
temperature:  1.1111111111111112  centigrade
humidity:  21.0 %
pressure:  632.8 hpa
Kit:  b'c045s002g005t034r000p000h21b06328*36\r\n'
wind direction:  45.0  degrees
wind speed avg:  0.8940800000000001  m/s
wind speed:  2.2352  m/s
temperature:  1.1111111111111112  centigrade
humidity:  21.0 %
pressure:  632.8 hpa
Kit:  b'c045s002g004t033r000p000h20b06328*31\r\n'
wind direction:  45.0  degrees
wind speed avg:  0.8940800000000001  m/s
wind speed:  1.7881600000000002  m/s
temperature:  0.5555555555555556  centigrade
humidity:  20.0 %
pressure:  632.8 hpa
Kit:  b'c045s002g005t033r000p000h20b06328*30\r\n'
wind direction:  45.0  degrees
wind speed avg:  0.8940800000000001  m/s
wind speed:  2.2352  m/s
temperature:  0.5555555555555556  centigrade
humidity:  20.0 %
pressure:  632.8 hpa
Kit:  b'c045s000g002t033r000p000h20b06328*35\r\n'
wind direction:  45.0  degrees
wind speed avg:  0.0  m/s
wind speed:  0.8940800000000001  m/s
temperature:  0.5555555555555556  centigrade
humidity:  20.0 %
pressure:  632.8 hpa
Kit:  b'c000s000g001t033r000p000h20b06327*38\r\n'
wind direction:  0.0  degrees
wind speed avg:  0.0  m/s
wind speed:  0.44704000000000005  m/s
temperature:  0.5555555555555556  centigrade
humidity:  20.0 %
pressure:  632.7 hpa
Kit:  b'c270s000g002t033r000p000h20b06327*3E\r\n'
wind direction:  270.0  degrees
wind speed avg:  0.0  m/s
wind speed:  0.8940800000000001  m/s
temperature:  0.5555555555555556  centigrade
humidity:  20.0 %
pressure:  632.7 hpa
Kit:  b'c180s000g002t033r000p000h19b06326*39\r\n'
wind direction:  180.0  degrees
wind speed avg:  0.0  m/s
wind speed:  0.8940800000000001  m/s
temperature:  0.5555555555555556  centigrade
humidity:  19.0 %
pressure:  632.6 hpa
Kit:  b'c225s000g001t033r000p000h19b06327*37\r\n'
wind direction:  225.0  degrees
wind speed avg:  0.0  m/s
wind speed:  0.44704000000000005  m/s
temperature:  0.5555555555555556  centigrade
humidity:  19.0 %
pressure:  632.7 hpa
Kit:  b'c225s000g001t033r000p000h19b06327*37\r\n'
wind direction:  225.0  degrees
wind speed avg:  0.0  m/s
wind speed:  0.44704000000000005  m/s
temperature:  0.5555555555555556  centigrade
humidity:  19.0 %
pressure:  632.7 hpa
Kit:  b'c270s000g001t033r000p000h19b06327*37\r\n'
wind direction:  270.0  degrees
wind speed avg:  0.0  m/s
wind speed:  0.44704000000000005  m/s
temperature:  0.5555555555555556  centigrade
humidity:  19.0 %
pressure:  632.7 hpa
Kit:  b'c270s000g000t033r000p000h19b06327*36\r\n'
wind direction:  270.0  degrees
wind speed avg:  0.0  m/s
wind speed:  0.0  m/s
temperature:  0.5555555555555556  centigrade
humidity:  19.0 %
pressure:  632.7 hpa
Kit:  b'c270s000g001t034r000p000h19b06327*30\r\n'
wind direction:  270.0  degrees
wind speed avg:  0.0  m/s
wind speed:  0.44704000000000005  m/s
temperature:  1.1111111111111112  centigrade
humidity:  19.0 %
pressure:  632.7 hpa
Kit:  b'c180s001g002t034r000p000h18b06327*3F\r\n'
wind direction:  180.0  degrees
wind speed avg:  0.44704000000000005  m/s
wind speed:  0.8940800000000001  m/s
temperature:  1.1111111111111112  centigrade
humidity:  18.0 %
pressure:  632.7 hpa
Kit:  b'c180s001g002t034r000p000h18b06327*3F\r\n'
wind direction:  180.0  degrees
wind speed avg:  0.44704000000000005  m/s
wind speed:  0.8940800000000001  m/s
temperature:  1.1111111111111112  centigrade
humidity:  18.0 %
pressure:  632.7 hpa
Kit:  b'c180s001g002t034r000p000h19b06326*3F\r\n'
wind direction:  180.0  degrees
wind speed avg:  0.44704000000000005  m/s
wind speed:  0.8940800000000001  m/s
temperature:  1.1111111111111112  centigrade
humidity:  19.0 %
pressure:  632.6 hpa
Kit:  b'c180s000g002t034r000p000h18b06326*3F\r\n'
wind direction:  180.0  degrees
wind speed avg:  0.0  m/s
wind speed:  0.8940800000000001  m/s
temperature:  1.1111111111111112  centigrade
humidity:  18.0 %
pressure:  632.6 hpa
Kit:  b'c180s001g002t034r000p000h18b06325*3D\r\n'
wind direction:  180.0  degrees
wind speed avg:  0.44704000000000005  m/s
wind speed:  0.8940800000000001  m/s
temperature:  1.1111111111111112  centigrade
humidity:  18.0 %
pressure:  632.5 hpa
Kit:  b'c180s002g003t034r000p000h18b06325*3F\r\n'
wind direction:  180.0  degrees
wind speed avg:  0.8940800000000001  m/s
wind speed:  1.34112  m/s
temperature:  1.1111111111111112  centigrade
humidity:  18.0 %
pressure:  632.5 hpa
Kit:  b'c225s000g002t034r000p000h19b06325*31\r\n'
wind direction:  225.0  degrees
wind speed avg:  0.0  m/s
wind speed:  0.8940800000000001  m/s
temperature:  1.1111111111111112  centigrade
humidity:  19.0 %
pressure:  632.5 hpa
Kit:  b'c180s001g003t033r000p000h19b06325*3A\r\n'
wind direction:  180.0  degrees
wind speed avg:  0.44704000000000005  m/s
wind speed:  1.34112  m/s
temperature:  0.5555555555555556  centigrade
humidity:  19.0 %
pressure:  632.5 hpa
Kit:  b'c225s001g002t033r000p000h19b06324*36\r\n'
wind direction:  225.0  degrees
wind speed avg:  0.44704000000000005  m/s
wind speed:  0.8940800000000001  m/s
temperature:  0.5555555555555556  centigrade
humidity:  19.0 %
pressure:  632.4 hpa
Kit:  b'c270s000g002t033r000p000h19b06324*37\r\n'
wind direction:  270.0  degrees
wind speed avg:  0.0  m/s
wind speed:  0.8940800000000001  m/s
temperature:  0.5555555555555556  centigrade
humidity:  19.0 %
pressure:  632.4 hpa
Kit:  b'c315s000g002t034r000p000h18b06323*34\r\n'
wind direction:  315.0  degrees
wind speed avg:  0.0  m/s
wind speed:  0.8940800000000001  m/s
temperature:  1.1111111111111112  centigrade
humidity:  18.0 %
pressure:  632.3 hpa
Kit:  b'c315s000g001t034r000p000h18b06323*37\r\n'
wind direction:  315.0  degrees
wind speed avg:  0.0  m/s
wind speed:  0.44704000000000005  m/s
temperature:  1.1111111111111112  centigrade
humidity:  18.0 %
pressure:  632.3 hpa
Kit:  b'c315s000g001t034r000p000h18b06322*36\r\n'
wind direction:  315.0  degrees
wind speed avg:  0.0  m/s
wind speed:  0.44704000000000005  m/s
temperature:  1.1111111111111112  centigrade
humidity:  18.0 %
pressure:  632.2 hpa
Kit:  b'c315s000g000t035r000p000h18b06323*37\r\n'
wind direction:  315.0  degrees
wind speed avg:  0.0  m/s
wind speed:  0.0  m/s
temperature:  1.6666666666666667  centigrade
humidity:  18.0 %
pressure:  632.3 hpa
Kit:  b'c045s001g004t035r000p000h18b06322*35\r\n'
wind direction:  45.0  degrees
wind speed avg:  0.44704000000000005  m/s
wind speed:  1.7881600000000002  m/s
temperature:  1.6666666666666667  centigrade
humidity:  18.0 %
pressure:  632.2 hpa
Kit:  b'c045s000g002t035r000p000h18b06322*32\r\n'
wind direction:  45.0  degrees
wind speed avg:  0.0  m/s
wind speed:  0.8940800000000001  m/s
temperature:  1.6666666666666667  centigrade
humidity:  18.0 %
pressure:  632.2 hpa
Kit:  b'c045s000g001t034r000p000h18b06322*30\r\n'
wind direction:  45.0  degrees
wind speed avg:  0.0  m/s
wind speed:  0.44704000000000005  m/s
temperature:  1.1111111111111112  centigrade
humidity:  18.0 %
pressure:  632.2 hpa
Kit:  b'c045s000g001t034r000p000h18b06322*30\r\n'
wind direction:  45.0  degrees
wind speed avg:  0.0  m/s
wind speed:  0.44704000000000005  m/s
temperature:  1.1111111111111112  centigrade
humidity:  18.0 %
pressure:  632.2 hpa
Kit:  b'c000s001g002t034r000p000h18b06321*30\r\n'
wind direction:  0.0  degrees
wind speed avg:  0.44704000000000005  m/s
wind speed:  0.8940800000000001  m/s
temperature:  1.1111111111111112  centigrade
humidity:  18.0 %
pressure:  632.1 hpa
Kit:  b'c000s000g002t034r000p000h18b06321*31\r\n'
wind direction:  0.0  degrees
wind speed avg:  0.0  m/s
wind speed:  0.8940800000000001  m/s
temperature:  1.1111111111111112  centigrade
humidity:  18.0 %
pressure:  632.1 hpa
Kit:  b'c000s000g002t033r000p000h18b06321*36\r\n'
wind direction:  0.0  degrees
wind speed avg:  0.0  m/s
wind speed:  0.8940800000000001  m/s
temperature:  0.5555555555555556  centigrade
humidity:  18.0 %
pressure:  632.1 hpa
Kit:  b'c045s001g002t033r000p000h18b06321*36\r\n'
wind direction:  45.0  degrees
wind speed avg:  0.44704000000000005  m/s
wind speed:  0.8940800000000001  m/s
temperature:  0.5555555555555556  centigrade
humidity:  18.0 %
pressure:  632.1 hpa
Kit:  b'c045s001g002t033r000p000h18b06321*36\r\n'
wind direction:  45.0  degrees
wind speed avg:  0.44704000000000005  m/s
wind speed:  0.8940800000000001  m/s
temperature:  0.5555555555555556  centigrade
humidity:  18.0 %
pressure:  632.1 hpa
Kit:  b'c000s000g002t033r000p000h18b06320*37\r\n'
wind direction:  0.0  degrees
wind speed avg:  0.0  m/s
wind speed:  0.8940800000000001  m/s
temperature:  0.5555555555555556  centigrade
humidity:  18.0 %
pressure:  632.0 hpa
Kit:  b'c315s000g002t033r000p000h19b06320*31\r\n'
wind direction:  315.0  degrees
wind speed avg:  0.0  m/s
wind speed:  0.8940800000000001  m/s
temperature:  0.5555555555555556  centigrade
humidity:  19.0 %
pressure:  632.0 hpa
Kit:  b'c315s000g001t032r000p000h18b06319*38\r\n'
wind direction:  315.0  degrees
wind speed avg:  0.0  m/s
wind speed:  0.44704000000000005  m/s
temperature:  0.0  centigrade
humidity:  18.0 %
pressure:  631.9 hpa
Kit:  b'c315s000g000t033r000p000h18b06319*38\r\n'
wind direction:  315.0  degrees
wind speed avg:  0.0  m/s
wind speed:  0.0  m/s
temperature:  0.5555555555555556  centigrade
humidity:  18.0 %
pressure:  631.9 hpa
Kit:  b'c315s000g000t033r000p000h18b06319*38\r\n'
wind direction:  315.0  degrees
wind speed avg:  0.0  m/s
wind speed:  0.0  m/s
temperature:  0.5555555555555556  centigrade
humidity:  18.0 %
pressure:  631.9 hpa
Kit:  b'c000s000g001t033r000p000h18b06320*34\r\n'
wind direction:  0.0  degrees
wind speed avg:  0.0  m/s
wind speed:  0.44704000000000005  m/s
temperature:  0.5555555555555556  centigrade
humidity:  18.0 %
pressure:  632.0 hpa
Kit:  b'c000s000g002t032r000p000h18b06320*36\r\n'
wind direction:  0.0  degrees
wind speed avg:  0.0  m/s
wind speed:  0.8940800000000001  m/s
temperature:  0.0  centigrade
humidity:  18.0 %
pressure:  632.0 hpa
Kit:  b'c000s000g001t032r000p000h18b06320*35\r\n'
wind direction:  0.0  degrees
wind speed avg:  0.0  m/s
wind speed:  0.44704000000000005  m/s
temperature:  0.0  centigrade
humidity:  18.0 %
pressure:  632.0 hpa
Kit:  b'c000s000g000t032r000p000h18b06319*3E\r\n'
wind direction:  0.0  degrees
wind speed avg:  0.0  m/s
wind speed:  0.0  m/s
temperature:  0.0  centigrade
humidity:  18.0 %
pressure:  631.9 hpa
Kit:  b'c270s000g001t032r000p000h18b06318*3B\r\n'
wind direction:  270.0  degrees
wind speed avg:  0.0  m/s
wind speed:  0.44704000000000005  m/s
temperature:  0.0  centigrade
humidity:  18.0 %
pressure:  631.8 hpa
Kit:  b'c270s000g001t031r000p000h19b06318*39\r\n'
wind direction:  270.0  degrees
wind speed avg:  0.0  m/s
wind speed:  0.44704000000000005  m/s
temperature:  -0.5555555555555556  centigrade
humidity:  19.0 %
pressure:  631.8 hpa
Kit:  b'c270s000g001t031r000p000h19b06319*38\r\n'
wind direction:  270.0  degrees
wind speed avg:  0.0  m/s
wind speed:  0.44704000000000005  m/s
temperature:  -0.5555555555555556  centigrade
humidity:  19.0 %
pressure:  631.9 hpa
Kit:  b'c270s001g002t031r000p000h19b06318*3B\r\n'
wind direction:  270.0  degrees
wind speed avg:  0.44704000000000005  m/s
wind speed:  0.8940800000000001  m/s
temperature:  -0.5555555555555556  centigrade
humidity:  19.0 %
pressure:  631.8 hpa
Kit:  b'c225s002g003t031r000p000h19b06317*36\r\n'
wind direction:  225.0  degrees
wind speed avg:  0.8940800000000001  m/s
wind speed:  1.34112  m/s
temperature:  -0.5555555555555556  centigrade
humidity:  19.0 %
pressure:  631.7 hpa
Kit:  b'c180s002g003t031r000p000h20b06317*30\r\n'
wind direction:  180.0  degrees
wind speed avg:  0.8940800000000001  m/s
wind speed:  1.34112  m/s
temperature:  -0.5555555555555556  centigrade
humidity:  20.0 %
pressure:  631.7 hpa
Kit:  b'c180s002g004t031r000p000h20b06317*37\r\n'
wind direction:  180.0  degrees
wind speed avg:  0.8940800000000001  m/s
wind speed:  1.7881600000000002  m/s
temperature:  -0.5555555555555556  centigrade
humidity:  20.0 %
pressure:  631.7 hpa
Kit:  b'c225s002g004t030r000p000h20b06317*3A\r\n'
wind direction:  225.0  degrees
wind speed avg:  0.8940800000000001  m/s
wind speed:  1.7881600000000002  m/s
temperature:  -1.1111111111111112  centigrade
humidity:  20.0 %
pressure:  631.7 hpa
Kit:  b'c225s002g003t030r000p000h20b06317*3D\r\n'
wind direction:  225.0  degrees
wind speed avg:  0.8940800000000001  m/s
wind speed:  1.34112  m/s
temperature:  -1.1111111111111112  centigrade
humidity:  20.0 %
pressure:  631.7 hpa
Kit:  b'c225s002g004t030r000p000h20b06317*3A\r\n'
wind direction:  225.0  degrees
wind speed avg:  0.8940800000000001  m/s
wind speed:  1.7881600000000002  m/s
temperature:  -1.1111111111111112  centigrade
humidity:  20.0 %
pressure:  631.7 hpa
Kit:  b'c225s002g004t030r000p000h20b06316*3B\r\n'
wind direction:  225.0  degrees
wind speed avg:  0.8940800000000001  m/s
wind speed:  1.7881600000000002  m/s
temperature:  -1.1111111111111112  centigrade
humidity:  20.0 %
pressure:  631.6 hpa
Kit:  b'c180s000g002t031r000p000h20b06316*32\r\n'
wind direction:  180.0  degrees
wind speed avg:  0.0  m/s
wind speed:  0.8940800000000001  m/s
temperature:  -0.5555555555555556  centigrade
humidity:  20.0 %
pressure:  631.6 hpa
Kit:  b'c045s002g002t031r000p000h20b06315*3B\r\n'
wind direction:  45.0  degrees
wind speed avg:  0.8940800000000001  m/s
wind speed:  0.8940800000000001  m/s
temperature:  -0.5555555555555556  centigrade
humidity:  20.0 %
pressure:  631.5 hpa
Kit:  b'c045s000g002t031r000p000h20b06315*39\r\n'
wind direction:  45.0  degrees
wind speed avg:  0.0  m/s
wind speed:  0.8940800000000001  m/s
temperature:  -0.5555555555555556  centigrade
humidity:  20.0 %
pressure:  631.5 hpa
Kit:  b'c045s001g002t031r000p000h20b06315*38\r\n'
wind direction:  45.0  degrees
wind speed avg:  0.44704000000000005  m/s
wind speed:  0.8940800000000001  m/s
temperature:  -0.5555555555555556  centigrade
humidity:  20.0 %
pressure:  631.5 hpa
Kit:  b'c045s000g002t031r000p000h20b06316*3A\r\n'
wind direction:  45.0  degrees
wind speed avg:  0.0  m/s
wind speed:  0.8940800000000001  m/s
temperature:  -0.5555555555555556  centigrade
humidity:  20.0 %
pressure:  631.6 hpa
Kit:  b'c045s001g002t031r000p000h20b06316*3B\r\n'
wind direction:  45.0  degrees
wind speed avg:  0.44704000000000005  m/s
wind speed:  0.8940800000000001  m/s
temperature:  -0.5555555555555556  centigrade
humidity:  20.0 %
pressure:  631.6 hpa
Kit:  b'c000s000g002t031r000p000h20b06316*3B\r\n'
wind direction:  0.0  degrees
wind speed avg:  0.0  m/s
wind speed:  0.8940800000000001  m/s
temperature:  -0.5555555555555556  centigrade
humidity:  20.0 %
pressure:  631.6 hpa
Kit:  b'c315s000g000t031r000p000h19b06316*34\r\n'
wind direction:  315.0  degrees
wind speed avg:  0.0  m/s
wind speed:  0.0  m/s
temperature:  -0.5555555555555556  centigrade
humidity:  19.0 %
pressure:  631.6 hpa
Kit:  b'c315s000g001t031r000p000h19b06316*35\r\n'
wind direction:  315.0  degrees
wind speed avg:  0.0  m/s
wind speed:  0.44704000000000005  m/s
temperature:  -0.5555555555555556  centigrade
humidity:  19.0 %
pressure:  631.6 hpa
Kit:  b'c315s000g001t031r000p000h19b06315*36\r\n'
wind direction:  315.0  degrees
wind speed avg:  0.0  m/s
wind speed:  0.44704000000000005  m/s
temperature:  -0.5555555555555556  centigrade
humidity:  19.0 %
pressure:  631.5 hpa
Kit:  b'c270s000g001t031r000p000h20b06315*3E\r\n'
wind direction:  270.0  degrees
wind speed avg:  0.0  m/s
wind speed:  0.44704000000000005  m/s
temperature:  -0.5555555555555556  centigrade
humidity:  20.0 %
pressure:  631.5 hpa
Kit:  b'c270s000g001t031r000p000h19b06315*34\r\n'
wind direction:  270.0  degrees
wind speed avg:  0.0  m/s
wind speed:  0.44704000000000005  m/s
temperature:  -0.5555555555555556  centigrade
humidity:  19.0 %
pressure:  631.5 hpa
Kit:  b'c270s000g001t031r000p000h20b06315*3E\r\n'
wind direction:  270.0  degrees
wind speed avg:  0.0  m/s
wind speed:  0.44704000000000005  m/s
temperature:  -0.5555555555555556  centigrade
humidity:  20.0 %
pressure:  631.5 hpa
Kit:  b'c180s000g002t031r000p000h19b06315*3B\r\n'
wind direction:  180.0  degrees
wind speed avg:  0.0  m/s
wind speed:  0.8940800000000001  m/s
temperature:  -0.5555555555555556  centigrade
humidity:  19.0 %
pressure:  631.5 hpa
Kit:  b'c270s000g000t031r000p000h19b06315*35\r\n'
wind direction:  270.0  degrees
wind speed avg:  0.0  m/s
wind speed:  0.0  m/s
temperature:  -0.5555555555555556  centigrade
humidity:  19.0 %
pressure:  631.5 hpa
Kit:  b'c045s000g001t031r000p000h19b06315*30\r\n'
wind direction:  45.0  degrees
wind speed avg:  0.0  m/s
wind speed:  0.44704000000000005  m/s
temperature:  -0.5555555555555556  centigrade
humidity:  19.0 %
pressure:  631.5 hpa
Kit:  b'c045s000g000t031r000p000h19b06315*31\r\n'
wind direction:  45.0  degrees
wind speed avg:  0.0  m/s
wind speed:  0.0  m/s
temperature:  -0.5555555555555556  centigrade
humidity:  19.0 %
pressure:  631.5 hpa
Kit:  b'c000s000g001t031r000p000h19b06315*31\r\n'
wind direction:  0.0  degrees
wind speed avg:  0.0  m/s
wind speed:  0.44704000000000005  m/s
temperature:  -0.5555555555555556  centigrade
humidity:  19.0 %
pressure:  631.5 hpa
Kit:  b'c315s000g001t031r000p000h19b06315*36\r\n'
wind direction:  315.0  degrees
wind speed avg:  0.0  m/s
wind speed:  0.44704000000000005  m/s
temperature:  -0.5555555555555556  centigrade
humidity:  19.0 %
pressure:  631.5 hpa
Kit:  b'c315s000g001t031r000p000h19b06314*37\r\n'
wind direction:  315.0  degrees
wind speed avg:  0.0  m/s
wind speed:  0.44704000000000005  m/s
temperature:  -0.5555555555555556  centigrade
humidity:  19.0 %
pressure:  631.4 hpa
Kit:  b'c315s000g000t032r000p000h19b06314*35\r\n'
wind direction:  315.0  degrees
wind speed avg:  0.0  m/s
wind speed:  0.0  m/s
temperature:  0.0  centigrade
humidity:  19.0 %
pressure:  631.4 hpa
Kit:  b'c000s000g001t032r000p000h19b06314*33\r\n'
wind direction:  0.0  degrees
wind speed avg:  0.0  m/s
wind speed:  0.44704000000000005  m/s
temperature:  0.0  centigrade
humidity:  19.0 %
pressure:  631.4 hpa
Kit:  b'c045s000g002t032r000p000h19b06314*31\r\n'
wind direction:  45.0  degrees
wind speed avg:  0.0  m/s
wind speed:  0.8940800000000001  m/s
temperature:  0.0  centigrade
humidity:  19.0 %
pressure:  631.4 hpa
Kit:  b'c045s001g002t031r000p000h19b06315*32\r\n'
wind direction:  45.0  degrees
wind speed avg:  0.44704000000000005  m/s
wind speed:  0.8940800000000001  m/s
temperature:  -0.5555555555555556  centigrade
humidity:  19.0 %
pressure:  631.5 hpa
Kit:  b'c000s000g002t031r000p000h20b06315*38\r\n'
wind direction:  0.0  degrees
wind speed avg:  0.0  m/s
wind speed:  0.8940800000000001  m/s
temperature:  -0.5555555555555556  centigrade
humidity:  20.0 %
pressure:  631.5 hpa
Kit:  b'c000s000g000t031r000p000h20b06314*3B\r\n'
wind direction:  0.0  degrees
wind speed avg:  0.0  m/s
wind speed:  0.0  m/s
temperature:  -0.5555555555555556  centigrade
humidity:  20.0 %
pressure:  631.4 hpa
Kit:  b'c315s000g001t031r000p000h20b06314*3D\r\n'
wind direction:  315.0  degrees
wind speed avg:  0.0  m/s
wind speed:  0.44704000000000005  m/s
temperature:  -0.5555555555555556  centigrade
humidity:  20.0 %
pressure:  631.4 hpa
Kit:  b'c000s000g001t031r000p000h19b06314*30\r\n'
wind direction:  0.0  degrees
wind speed avg:  0.0  m/s
wind speed:  0.44704000000000005  m/s
temperature:  -0.5555555555555556  centigrade
humidity:  19.0 %
pressure:  631.4 hpa
Kit:  b'c045s000g002t031r000p000h19b06315*33\r\n'
wind direction:  45.0  degrees
wind speed avg:  0.0  m/s
wind speed:  0.8940800000000001  m/s
temperature:  -0.5555555555555556  centigrade
humidity:  19.0 %
pressure:  631.5 hpa
Kit:  b'c045s001g002t031r000p000h20b06315*38\r\n'
wind direction:  45.0  degrees
wind speed avg:  0.44704000000000005  m/s
wind speed:  0.8940800000000001  m/s
temperature:  -0.5555555555555556  centigrade
humidity:  20.0 %
pressure:  631.5 hpa
Kit:  b'c045s000g002t030r000p000h20b06315*38\r\n'
wind direction:  45.0  degrees
wind speed avg:  0.0  m/s
wind speed:  0.8940800000000001  m/s
temperature:  -1.1111111111111112  centigrade
humidity:  20.0 %
pressure:  631.5 hpa
Kit:  b'c045s000g001t030r000p000h20b06315*3B\r\n'
wind direction:  45.0  degrees
wind speed avg:  0.0  m/s
wind speed:  0.44704000000000005  m/s
temperature:  -1.1111111111111112  centigrade
humidity:  20.0 %
pressure:  631.5 hpa
Kit:  b'c270s001g002t030r000p000h20b06315*3D\r\n'
wind direction:  270.0  degrees
wind speed avg:  0.44704000000000005  m/s
wind speed:  0.8940800000000001  m/s
temperature:  -1.1111111111111112  centigrade
humidity:  20.0 %
pressure:  631.5 hpa
Kit:  b'c270s001g002t030r000p000h21b06314*3D\r\n'
wind direction:  270.0  degrees
wind speed avg:  0.44704000000000005  m/s
wind speed:  0.8940800000000001  m/s
temperature:  -1.1111111111111112  centigrade
humidity:  21.0 %
pressure:  631.4 hpa
Kit:  b'c270s000g002t029r000p000h21b06314*34\r\n'
wind direction:  270.0  degrees
wind speed avg:  0.0  m/s
wind speed:  0.8940800000000001  m/s
temperature:  -1.6666666666666667  centigrade
humidity:  21.0 %
pressure:  631.4 hpa
Kit:  b'c180s001g002t029r000p000h21b06315*38\r\n'
wind direction:  180.0  degrees
wind speed avg:  0.44704000000000005  m/s
wind speed:  0.8940800000000001  m/s
temperature:  -1.6666666666666667  centigrade
humidity:  21.0 %
pressure:  631.5 hpa
Kit:  b'c270s000g002t029r000p000h21b06315*35\r\n'
wind direction:  270.0  degrees
wind speed avg:  0.0  m/s
wind speed:  0.8940800000000001  m/s
temperature:  -1.6666666666666667  centigrade
humidity:  21.0 %
pressure:  631.5 hpa
Kit:  b'c225s001g002t029r000p000h21b06315*34\r\n'
wind direction:  225.0  degrees
wind speed avg:  0.44704000000000005  m/s
wind speed:  0.8940800000000001  m/s
temperature:  -1.6666666666666667  centigrade
humidity:  21.0 %
pressure:  631.5 hpa
Kit:  b'0p000h22b06314*37\r\n'
Traceback (most recent call last):
  File "/home/pi/AWS/Scripts/kit.py", line 70, in <module>
    win_dir += win_direction()
  File "/home/pi/AWS/Scripts/kit.py", line 34, in win_direction
    return int(x[1:4])
ValueError: invalid literal for int() with base 10: b'p00'
Kit:  b'c180s001g002t029r000p000h21b06315*38\r\n'
wind direction:  180.0  degrees
wind speed avg:  0.44704000000000005  m/s
wind speed:  0.8940800000000001  m/s
temperature:  -1.6666666666666667  centigrade
humidity:  21.0 %
pressure:  631.5 hpa
Kit:  b'c180s001g002t029r000p000h21b06315*38\r\n'
wind direction:  180.0  degrees
wind speed avg:  0.44704000000000005  m/s
wind speed:  0.8940800000000001  m/s
temperature:  -1.6666666666666667  centigrade
humidity:  21.0 %
pressure:  631.5 hpa
Kit:  b'c180s002g002t029r000p000h21b06315*3B\r\n'
wind direction:  180.0  degrees
wind speed avg:  0.8940800000000001  m/s
wind speed:  0.8940800000000001  m/s
temperature:  -1.6666666666666667  centigrade
humidity:  21.0 %
pressure:  631.5 hpa
Kit:  b'c225s000g002t029r000p000h21b06316*36\r\n'
wind direction:  225.0  degrees
wind speed avg:  0.0  m/s
wind speed:  0.8940800000000001  m/s
temperature:  -1.6666666666666667  centigrade
humidity:  21.0 %
pressure:  631.6 hpa
Kit:  b'c270s000g002t030r000p000h21b06317*3F\r\n'
wind direction:  270.0  degrees
wind speed avg:  0.0  m/s
wind speed:  0.8940800000000001  m/s
temperature:  -1.1111111111111112  centigrade
humidity:  21.0 %
pressure:  631.7 hpa
Kit:  b'c315s001g002t030r000p000h21b06317*3C\r\n'
wind direction:  315.0  degrees
wind speed avg:  0.44704000000000005  m/s
wind speed:  0.8940800000000001  m/s
temperature:  -1.1111111111111112  centigrade
humidity:  21.0 %
pressure:  631.7 hpa
Kit:  b'c000s001g002t030r000p000h21b06317*3B\r\n'
wind direction:  0.0  degrees
wind speed avg:  0.44704000000000005  m/s
wind speed:  0.8940800000000001  m/s
temperature:  -1.1111111111111112  centigrade
humidity:  21.0 %
pressure:  631.7 hpa
Kit:  b'c045s001g002t031r000p000h21b06318*34\r\n'
wind direction:  45.0  degrees
wind speed avg:  0.44704000000000005  m/s
wind speed:  0.8940800000000001  m/s
temperature:  -0.5555555555555556  centigrade
humidity:  21.0 %
pressure:  631.8 hpa
Kit:  b'c045s000g002t031r000p000h21b06318*35\r\n'
wind direction:  45.0  degrees
wind speed avg:  0.0  m/s
wind speed:  0.8940800000000001  m/s
temperature:  -0.5555555555555556  centigrade
humidity:  21.0 %
pressure:  631.8 hpa
Kit:  b'c000s001g002t032r000p000h20b06319*36\r\n'
wind direction:  0.0  degrees
wind speed avg:  0.44704000000000005  m/s
wind speed:  0.8940800000000001  m/s
temperature:  0.0  centigrade
humidity:  20.0 %
pressure:  631.9 hpa
Kit:  b'c000s001g002t032r000p000h20b06320*3C\r\n'
wind direction:  0.0  degrees
wind speed avg:  0.44704000000000005  m/s
wind speed:  0.8940800000000001  m/s
temperature:  0.0  centigrade
humidity:  20.0 %
pressure:  632.0 hpa
Kit:  b'c000s000g002t033r000p000h20b06322*3E\r\n'
wind direction:  0.0  degrees
wind speed avg:  0.0  m/s
wind speed:  0.8940800000000001  m/s
temperature:  0.5555555555555556  centigrade
humidity:  20.0 %
pressure:  632.2 hpa
Kit:  b'c000s000g001t033r000p000h20b06324*3B\r\n'
wind direction:  0.0  degrees
wind speed avg:  0.0  m/s
wind speed:  0.44704000000000005  m/s
temperature:  0.5555555555555556  centigrade
humidity:  20.0 %
pressure:  632.4 hpa
Kit:  b'c000s000g001t034r000p000h20b06323*3B\r\n'
wind direction:  0.0  degrees
wind speed avg:  0.0  m/s
wind speed:  0.44704000000000005  m/s
temperature:  1.1111111111111112  centigrade
humidity:  20.0 %
pressure:  632.3 hpa
Kit:  b'c045s000g002t034r000p000h20b06324*3E\r\n'
wind direction:  45.0  degrees
wind speed avg:  0.0  m/s
wind speed:  0.8940800000000001  m/s
temperature:  1.1111111111111112  centigrade
humidity:  20.0 %
pressure:  632.4 hpa
Kit:  b'c045s000g001t035r000p000h20b06325*3D\r\n'
wind direction:  45.0  degrees
wind speed avg:  0.0  m/s
wind speed:  0.44704000000000005  m/s
temperature:  1.6666666666666667  centigrade
humidity:  20.0 %
pressure:  632.5 hpa
Kit:  b'c045s000g001t035r000p000h19b06325*37\r\n'
wind direction:  45.0  degrees
wind speed avg:  0.0  m/s
wind speed:  0.44704000000000005  m/s
temperature:  1.6666666666666667  centigrade
humidity:  19.0 %
pressure:  632.5 hpa
Kit:  b'c000s000g001t037r000p000h19b06325*34\r\n'
wind direction:  0.0  degrees
wind speed avg:  0.0  m/s
wind speed:  0.44704000000000005  m/s
temperature:  2.7777777777777772  centigrade
humidity:  19.0 %
pressure:  632.5 hpa
Kit:  b'c000s001g002t038r000p000h19b06325*39\r\n'
wind direction:  0.0  degrees
wind speed avg:  0.44704000000000005  m/s
wind speed:  0.8940800000000001  m/s
temperature:  3.3333333333333335  centigrade
humidity:  19.0 %
pressure:  632.5 hpa
Kit:  b'c000s000g002t039r000p000h19b06325*39\r\n'
wind direction:  0.0  degrees
wind speed avg:  0.0  m/s
wind speed:  0.8940800000000001  m/s
temperature:  3.888888888888889  centigrade
humidity:  19.0 %
pressure:  632.5 hpa
Kit:  b'c000s000g001t040r000p000h18b06325*35\r\n'
wind direction:  0.0  degrees
wind speed avg:  0.0  m/s
wind speed:  0.44704000000000005  m/s
temperature:  4.444444444444445  centigrade
humidity:  18.0 %
pressure:  632.5 hpa
Kit:  b'c000s000g001t041r000p000h18b06326*37\r\n'
wind direction:  0.0  degrees
wind speed avg:  0.0  m/s
wind speed:  0.44704000000000005  m/s
temperature:  5.0  centigrade
humidity:  18.0 %
pressure:  632.6 hpa
Kit:  b'c000s001g002t041r000p000h18b06326*35\r\n'
wind direction:  0.0  degrees
wind speed avg:  0.44704000000000005  m/s
wind speed:  0.8940800000000001  m/s
temperature:  5.0  centigrade
humidity:  18.0 %
pressure:  632.6 hpa
Kit:  b'c045s002g005t041r000p000h18b06327*31\r\n'
wind direction:  45.0  degrees
wind speed avg:  0.8940800000000001  m/s
wind speed:  2.2352  m/s
temperature:  5.0  centigrade
humidity:  18.0 %
pressure:  632.7 hpa
Kit:  b'c045s002g004t041r000p000h18b06327*30\r\n'
wind direction:  45.0  degrees
wind speed avg:  0.8940800000000001  m/s
wind speed:  1.7881600000000002  m/s
temperature:  5.0  centigrade
humidity:  18.0 %
pressure:  632.7 hpa
Kit:  b'c000s002g004t042r000p000h18b06327*32\r\n'
wind direction:  0.0  degrees
wind speed avg:  0.8940800000000001  m/s
wind speed:  1.7881600000000002  m/s
temperature:  5.5555555555555545  centigrade
humidity:  18.0 %
pressure:  632.7 hpa
Kit:  b'c000s003g005t042r000p000h18b06328*3D\r\n'
wind direction:  0.0  degrees
wind speed avg:  1.34112  m/s
wind speed:  2.2352  m/s
temperature:  5.5555555555555545  centigrade
humidity:  18.0 %
pressure:  632.8 hpa
Kit:  b'c045s003g005t043r000p000h18b06328*3D\r\n'
wind direction:  45.0  degrees
wind speed avg:  1.34112  m/s
wind speed:  2.2352  m/s
temperature:  6.111111111111111  centigrade
humidity:  18.0 %
pressure:  632.8 hpa
Kit:  b'c000s003g005t043r000p000h18b06328*3C\r\n'
wind direction:  0.0  degrees
wind speed avg:  1.34112  m/s
wind speed:  2.2352  m/s
temperature:  6.111111111111111  centigrade
humidity:  18.0 %
pressure:  632.8 hpa
Kit:  b'c000s002g005t047r000p000h17b06328*36\r\n'
wind direction:  0.0  degrees
wind speed avg:  0.8940800000000001  m/s
wind speed:  2.2352  m/s
temperature:  8.333333333333334  centigrade
humidity:  17.0 %
pressure:  632.8 hpa
Kit:  b'c000s002g003t052r000p000h16b06327*3A\r\n'
wind direction:  0.0  degrees
wind speed avg:  0.8940800000000001  m/s
wind speed:  1.34112  m/s
temperature:  11.111111111111109  centigrade
humidity:  16.0 %
pressure:  632.7 hpa
Kit:  b'c000s002g004t057r000p000h15b06328*34\r\n'
wind direction:  0.0  degrees
wind speed avg:  0.8940800000000001  m/s
wind speed:  1.7881600000000002  m/s
temperature:  13.888888888888891  centigrade
humidity:  15.0 %
pressure:  632.8 hpa
Kit:  b'c000s002g004t062r000p000h14b06327*3C\r\n'
wind direction:  0.0  degrees
wind speed avg:  0.8940800000000001  m/s
wind speed:  1.7881600000000002  m/s
temperature:  16.666666666666668  centigrade
humidity:  14.0 %
pressure:  632.7 hpa
Kit:  b'c000s001g004t064r000p000h13b06327*3E\r\n'
wind direction:  0.0  degrees
wind speed avg:  0.44704000000000005  m/s
wind speed:  1.7881600000000002  m/s
temperature:  17.77777777777778  centigrade
humidity:  13.0 %
pressure:  632.7 hpa
Kit:  b'c000s002g003t065r000p000h12b06327*3A\r\n'
wind direction:  0.0  degrees
wind speed avg:  0.8940800000000001  m/s
wind speed:  1.34112  m/s
temperature:  18.333333333333332  centigrade
humidity:  12.0 %
pressure:  632.7 hpa
Kit:  b'c000s002g004t064r000p000h12b06328*33\r\n'
wind direction:  0.0  degrees
wind speed avg:  0.8940800000000001  m/s
wind speed:  1.7881600000000002  m/s
temperature:  17.77777777777778  centigrade
humidity:  12.0 %
pressure:  632.8 hpa
Kit:  b'c000s002g005t064r000p000h12b06327*3D\r\n'
wind direction:  0.0  degrees
wind speed avg:  0.8940800000000001  m/s
wind speed:  2.2352  m/s
temperature:  17.77777777777778  centigrade
humidity:  12.0 %
pressure:  632.7 hpa
Kit:  b'c000s002g005t065r000p000h12b06327*3C\r\n'
wind direction:  0.0  degrees
wind speed avg:  0.8940800000000001  m/s
wind speed:  2.2352  m/s
temperature:  18.333333333333332  centigrade
humidity:  12.0 %
pressure:  632.7 hpa
Kit:  b'c045s002g008t068r000p000h11b06326*3F\r\n'
wind direction:  45.0  degrees
wind speed avg:  0.8940800000000001  m/s
wind speed:  3.5763200000000004  m/s
temperature:  20.0  centigrade
humidity:  11.0 %
pressure:  632.6 hpa
Kit:  b'c000s000g008t068r000p000h10b06325*3E\r\n'
wind direction:  0.0  degrees
wind speed avg:  0.0  m/s
wind speed:  3.5763200000000004  m/s
temperature:  20.0  centigrade
humidity:  10.0 %
pressure:  632.5 hpa
Kit:  b'c000s000g006t068r000p000h11b06325*31\r\n'
wind direction:  0.0  degrees
wind speed avg:  0.0  m/s
wind speed:  2.68224  m/s
temperature:  20.0  centigrade
humidity:  11.0 %
pressure:  632.5 hpa
Kit:  b'c000s002g005t069r000p000h10b06324*31\r\n'
wind direction:  0.0  degrees
wind speed avg:  0.8940800000000001  m/s
wind speed:  2.2352  m/s
temperature:  20.555555555555557  centigrade
humidity:  10.0 %
pressure:  632.4 hpa
Kit:  b'c000s003g005t068r000p000h10b06324*31\r\n'
wind direction:  0.0  degrees
wind speed avg:  1.34112  m/s
wind speed:  2.2352  m/s
temperature:  20.0  centigrade
humidity:  10.0 %
pressure:  632.4 hpa
Kit:  b'c045s004g006t064r000p000h10b06324*38\r\n'
wind direction:  45.0  degrees
wind speed avg:  1.7881600000000002  m/s
wind speed:  2.68224  m/s
temperature:  17.77777777777778  centigrade
humidity:  10.0 %
pressure:  632.4 hpa
Kit:  b'c000s003g007t060r000p000h11b06324*3A\r\n'
wind direction:  0.0  degrees
wind speed avg:  1.34112  m/s
wind speed:  3.12928  m/s
temperature:  15.555555555555555  centigrade
humidity:  11.0 %
pressure:  632.4 hpa
Kit:  b'c045s004g006t056r000p000h11b06324*38\r\n'
wind direction:  45.0  degrees
wind speed avg:  1.7881600000000002  m/s
wind speed:  2.68224  m/s
temperature:  13.333333333333334  centigrade
humidity:  11.0 %
pressure:  632.4 hpa
Kit:  b'c045s005g010t054r000p000h12b06324*3F\r\n'
wind direction:  45.0  degrees
wind speed avg:  2.2352  m/s
wind speed:  4.4704  m/s
temperature:  12.222222222222221  centigrade
humidity:  12.0 %
pressure:  632.4 hpa
Kit:  b'c045s005g010t052r000p000h12b06324*39\r\n'
wind direction:  45.0  degrees
wind speed avg:  2.2352  m/s
wind speed:  4.4704  m/s
temperature:  11.111111111111109  centigrade
humidity:  12.0 %
pressure:  632.4 hpa
Kit:  b'c000s002g008t051r000p000h13b06323*33\r\n'
wind direction:  0.0  degrees
wind speed avg:  0.8940800000000001  m/s
wind speed:  3.5763200000000004  m/s
temperature:  10.555555555555555  centigrade
humidity:  13.0 %
pressure:  632.3 hpa
Kit:  b'c045s003g008t052r000p000h13b06322*31\r\n'
wind direction:  45.0  degrees
wind speed avg:  1.34112  m/s
wind speed:  3.5763200000000004  m/s
temperature:  11.111111111111109  centigrade
humidity:  13.0 %
pressure:  632.2 hpa
Kit:  b'c000s003g008t053r000p000h13b06321*32\r\n'
wind direction:  0.0  degrees
wind speed avg:  1.34112  m/s
wind speed:  3.5763200000000004  m/s
temperature:  11.666666666666666  centigrade
humidity:  13.0 %
pressure:  632.1 hpa
Kit:  b'c000s003g009t052r000p000h13b06321*32\r\n'
wind direction:  0.0  degrees
wind speed avg:  1.34112  m/s
wind speed:  4.02336  m/s
temperature:  11.111111111111109  centigrade
humidity:  13.0 %
pressure:  632.1 hpa
Kit:  b'c045s002g008t051r000p000h13b06320*31\r\n'
wind direction:  45.0  degrees
wind speed avg:  0.8940800000000001  m/s
wind speed:  3.5763200000000004  m/s
temperature:  10.555555555555555  centigrade
humidity:  13.0 %
pressure:  632.0 hpa
Kit:  b'c045s005g008t051r000p000h13b06321*37\r\n'
wind direction:  45.0  degrees
wind speed avg:  2.2352  m/s
wind speed:  3.5763200000000004  m/s
temperature:  10.555555555555555  centigrade
humidity:  13.0 %
pressure:  632.1 hpa
Kit:  b'c000s002g010t049r000p000h14b06319*3D\r\n'
wind direction:  0.0  degrees
wind speed avg:  0.8940800000000001  m/s
wind speed:  4.4704  m/s
temperature:  9.444444444444445  centigrade
humidity:  14.0 %
pressure:  631.9 hpa
Kit:  b'c000s005g007t048r000p000h14b06319*3D\r\n'
wind direction:  0.0  degrees
wind speed avg:  2.2352  m/s
wind speed:  3.12928  m/s
temperature:  8.88888888888889  centigrade
humidity:  14.0 %
pressure:  631.9 hpa
Kit:  b'c000s003g005t047r000p000h15b06320*3D\r\n'
wind direction:  0.0  degrees
wind speed avg:  1.34112  m/s
wind speed:  2.2352  m/s
temperature:  8.333333333333334  centigrade
humidity:  15.0 %
pressure:  632.0 hpa
Kit:  b'c000s003g007t046r000p000h15b06319*34\r\n'
wind direction:  0.0  degrees
wind speed avg:  1.34112  m/s
wind speed:  3.12928  m/s
temperature:  7.777777777777778  centigrade
humidity:  15.0 %
pressure:  631.9 hpa
Kit:  b'c045s004g006t046r000p000h15b06319*33\r\n'
wind direction:  45.0  degrees
wind speed avg:  1.7881600000000002  m/s
wind speed:  2.68224  m/s
temperature:  7.777777777777778  centigrade
humidity:  15.0 %
pressure:  631.9 hpa
Kit:  b'c045s002g005t046r000p000h15b06319*36\r\n'
wind direction:  45.0  degrees
wind speed avg:  0.8940800000000001  m/s
wind speed:  2.2352  m/s
temperature:  7.777777777777778  centigrade
humidity:  15.0 %
pressure:  631.9 hpa
Kit:  b'c045s003g005t046r000p000h15b06319*37\r\n'
wind direction:  45.0  degrees
wind speed avg:  1.34112  m/s
wind speed:  2.2352  m/s
temperature:  7.777777777777778  centigrade
humidity:  15.0 %
pressure:  631.9 hpa
Kit:  b'c090s002g005t045r000p000h15b06318*3C\r\n'
wind direction:  90.0  degrees
wind speed avg:  0.8940800000000001  m/s
wind speed:  2.2352  m/s
temperature:  7.222222222222222  centigrade
humidity:  15.0 %
pressure:  631.8 hpa
Kit:  b'c000s002g008t045r000p000h15b06318*38\r\n'
wind direction:  0.0  degrees
wind speed avg:  0.8940800000000001  m/s
wind speed:  3.5763200000000004  m/s
temperature:  7.222222222222222  centigrade
humidity:  15.0 %
pressure:  631.8 hpa
Kit:  b'c045s001g007t044r000p000h16b06318*37\r\n'
wind direction:  45.0  degrees
wind speed avg:  0.44704000000000005  m/s
wind speed:  3.12928  m/s
temperature:  6.666666666666667  centigrade
humidity:  16.0 %
pressure:  631.8 hpa
Kit:  b'c000s001g005t045r000p000h16b06316*3B\r\n'
wind direction:  0.0  degrees
wind speed avg:  0.44704000000000005  m/s
wind speed:  2.2352  m/s
temperature:  7.222222222222222  centigrade
humidity:  16.0 %
pressure:  631.6 hpa
Kit:  b'c045s002g005t047r000p000h15b06315*3B\r\n'
wind direction:  45.0  degrees
wind speed avg:  0.8940800000000001  m/s
wind speed:  2.2352  m/s
temperature:  8.333333333333334  centigrade
humidity:  15.0 %
pressure:  631.5 hpa
Kit:  b'c000s001g005t048r000p000h15b06315*36\r\n'
wind direction:  0.0  degrees
wind speed avg:  0.44704000000000005  m/s
wind speed:  2.2352  m/s
temperature:  8.88888888888889  centigrade
humidity:  15.0 %
pressure:  631.5 hpa
Kit:  b'c045s001g005t049r000p000h15b06314*37\r\n'
wind direction:  45.0  degrees
wind speed avg:  0.44704000000000005  m/s
wind speed:  2.2352  m/s
temperature:  9.444444444444445  centigrade
humidity:  15.0 %
pressure:  631.4 hpa
Kit:  b'c045s001g005t049r000p000h15b06313*30\r\n'
wind direction:  45.0  degrees
wind speed avg:  0.44704000000000005  m/s
wind speed:  2.2352  m/s
temperature:  9.444444444444445  centigrade
humidity:  15.0 %
pressure:  631.3 hpa
Kit:  b'c000s000g005t050r000p000h15b06313*38\r\n'
wind direction:  0.0  degrees
wind speed avg:  0.0  m/s
wind speed:  2.2352  m/s
temperature:  10.0  centigrade
humidity:  15.0 %
pressure:  631.3 hpa
Kit:  b'c045s002g006t052r000p000h14b06313*3B\r\n'
wind direction:  45.0  degrees
wind speed avg:  0.8940800000000001  m/s
wind speed:  2.68224  m/s
temperature:  11.111111111111109  centigrade
humidity:  14.0 %
pressure:  631.3 hpa
Kit:  b'c000s005g006t051r000p000h14b06312*3F\r\n'
wind direction:  0.0  degrees
wind speed avg:  2.2352  m/s
wind speed:  2.68224  m/s
temperature:  10.555555555555555  centigrade
humidity:  14.0 %
pressure:  631.2 hpa
Kit:  b'c000s004g008t050r000p000h14b06311*32\r\n'
wind direction:  0.0  degrees
wind speed avg:  1.7881600000000002  m/s
wind speed:  3.5763200000000004  m/s
temperature:  10.0  centigrade
humidity:  14.0 %
pressure:  631.1 hpa
Kit:  b'c000s004g008t051r000p000h14b06311*33\r\n'
wind direction:  0.0  degrees
wind speed avg:  1.7881600000000002  m/s
wind speed:  3.5763200000000004  m/s
temperature:  10.555555555555555  centigrade
humidity:  14.0 %
pressure:  631.1 hpa
Kit:  b'c045s002g009t052r000p000h14b06311*36\r\n'
wind direction:  45.0  degrees
wind speed avg:  0.8940800000000001  m/s
wind speed:  4.02336  m/s
temperature:  11.111111111111109  centigrade
humidity:  14.0 %
pressure:  631.1 hpa
Kit:  b'c000s004g010t054r000p000h13b06309*31\r\n'
wind direction:  0.0  degrees
wind speed avg:  1.7881600000000002  m/s
wind speed:  4.4704  m/s
temperature:  12.222222222222221  centigrade
humidity:  13.0 %
pressure:  630.9 hpa
Kit:  b'c045s005g009t056r000p000h13b06310*33\r\n'
wind direction:  45.0  degrees
wind speed avg:  2.2352  m/s
wind speed:  4.02336  m/s
temperature:  13.333333333333334  centigrade
humidity:  13.0 %
pressure:  631.0 hpa
Kit:  b'c045s005g008t056r000p000h13b06310*32\r\n'
wind direction:  45.0  degrees
wind speed avg:  2.2352  m/s
wind speed:  3.5763200000000004  m/s
temperature:  13.333333333333334  centigrade
humidity:  13.0 %
pressure:  631.0 hpa
Kit:  b'c000s005g010t054r000p000h13b06309*30\r\n'
wind direction:  0.0  degrees
wind speed avg:  2.2352  m/s
wind speed:  4.4704  m/s
temperature:  12.222222222222221  centigrade
humidity:  13.0 %
pressure:  630.9 hpa
Kit:  b'c000s004g010t053r000p000h13b06309*36\r\n'
20-11-23 Nov:11
wind direction:  0.0  degrees
wind speed avg:  1.7881600000000002  m/s
wind speed:  4.4704  m/s
temperature:  11.666666666666666  centigrade
humidity:  13.0 %
pressure:  630.9 hpa
Kit:  b'c045s002g005t032r000p000h28b06309*3A\r\n'
20-11-22 Nov:11
wind direction:  45.0  degrees
wind speed avg:  0.8940800000000001  m/s
wind speed:  2.2352  m/s
temperature:  0.0  centigrade
humidity:  28.0 %
pressure:  630.9 hpa
Kit:  b'c000s005g008t033r000p000h27b06309*3F\r\n'
20-11-22 Nov:11
wind direction:  0.0  degrees
wind speed avg:  2.2352  m/s
wind speed:  3.5763200000000004  m/s
temperature:  0.5555555555555556  centigrade
humidity:  27.0 %
pressure:  630.9 hpa
Kit:  b'c045s004g010t033r000p000h28b06308*38\r\n'
20-11-22 Nov:11
wind direction:  45.0  degrees
wind speed avg:  1.7881600000000002  m/s
wind speed:  4.4704  m/s
temperature:  0.5555555555555556  centigrade
humidity:  28.0 %
pressure:  630.8 hpa
Kit:  b'p000h25b06308*33\r\n'
Traceback (most recent call last):
  File "/home/pi/AWS/Scripts/kit.py", line 71, in <module>
    win_avg += windspeedaverage()
  File "/home/pi/AWS/Scripts/kit.py", line 38, in windspeedaverage
    t = 0.44704 * float(x[5:8])
ValueError: could not convert string to float: b'25b'
Kit:  b'0p000h26b06307*3F\r\n'
Traceback (most recent call last):
  File "/home/pi/AWS/Scripts/kit.py", line 70, in <module>
    win_dir += win_direction()
  File "/home/pi/AWS/Scripts/kit.py", line 34, in win_direction
    return int(x[1:4])
ValueError: invalid literal for int() with base 10: b'p00'
Kit:  b'p000h25b06308*32\r\n'
Traceback (most recent call last):
  File "/home/pi/AWS/Scripts/kit.py", line 71, in <module>
    win_avg += windspeedaverage()
  File "/home/pi/AWS/Scripts/kit.py", line 38, in windspeedaverage
    t = 0.44704 * float(x[5:8])
ValueError: could not convert string to float: b'25b'
Kit:  b'c000s008g011t034r000p000h33b06307*36\r\n'
2020-11-23 14:15:08.927025
wind direction:  0.0  degrees
wind speed avg:  3.5763200000000004  m/s
wind speed:  4.91744  m/s
temperature:  1.1111111111111112  centigrade
humidity:  33.0 %
pressure:  630.7 hpa
Kit:  b'c000s005g009t034r000p000h39b06305*3A\r\n'
2020-11-23 14:20:07.380707
wind direction:  0.0  degrees
wind speed avg:  2.2352  m/s
wind speed:  4.02336  m/s
temperature:  1.1111111111111112  centigrade
humidity:  39.0 %
pressure:  630.5 hpa
Kit:  b'c045s007g010t038r000p000h32b06305*36\r\n'
2020-11-23 14:25
wind direction:  45.0  degrees
wind speed avg:  3.12928  m/s
wind speed:  4.4704  m/s
temperature:  3.3333333333333335  centigrade
humidity:  32.0 %
pressure:  630.5 hpa
Kit:  b'c045s006g011t035r000p000h33b06306*39\r\n'
2020-11-23 14:30
wind direction:  45.0  degrees
wind speed avg:  2.68224  m/s
wind speed:  4.91744  m/s
temperature:  1.6666666666666667  centigrade
humidity:  33.0 %
pressure:  630.6 hpa
Kit:  b'c045s005g011t031r000p000h40b06307*3B\r\n'
2020-11-23 14:35
wind direction:  45.0  degrees
wind speed avg:  2.2352  m/s
wind speed:  4.91744  m/s
temperature:  -0.5555555555555556  centigrade
humidity:  40.0 %
pressure:  630.7 hpa
Kit:  b'c000s008g011t031r000p000h43b06307*34\r\n'
2020-11-23 14:40
wind direction:  0.0  degrees
wind speed avg:  3.5763200000000004  m/s
wind speed:  4.91744  m/s
temperature:  -0.5555555555555556  centigrade
humidity:  43.0 %
pressure:  630.7 hpa
Kit:  b'c000s003g008t031r000p000h36b06307*35\r\n'
2020-11-22 11:55
wind direction:  0.0  degrees
wind speed avg:  1.34112  m/s
wind speed:  3.5763200000000004  m/s
temperature:  -0.5555555555555556  centigrade
humidity:  36.0 %
pressure:  630.7 hpa
Kit:  b'c045s007g012t031r000p000h43b06307*39\r\n'
2020-11-22 12:00
wind direction:  45.0  degrees
wind speed avg:  3.12928  m/s
wind speed:  5.36448  m/s
temperature:  -0.5555555555555556  centigrade
humidity:  43.0 %
pressure:  630.7 hpa
Kit:  b'c000s004g009t031r000p000h42b06307*30\r\n'
2020-11-22 12:05
wind direction:  0.0  degrees
wind speed avg:  1.7881600000000002  m/s
wind speed:  4.02336  m/s
temperature:  -0.5555555555555556  centigrade
humidity:  42.0 %
pressure:  630.7 hpa
Kit:  b'c045s006g009t032r000p000h43b06307*31\r\n'
2020-11-22 12:10
wind direction:  45.0  degrees
wind speed avg:  2.68224  m/s
wind speed:  4.02336  m/s
temperature:  0.0  centigrade
humidity:  43.0 %
pressure:  630.7 hpa
Kit:  b'c045s005g008t032r000p000h45b06307*35\r\n'
2020-11-23 15:05
wind direction:  45.0  degrees
wind speed avg:  2.2352  m/s
wind speed:  3.5763200000000004  m/s
temperature:  0.0  centigrade
humidity:  45.0 %
pressure:  630.7 hpa
Kit:  b'c000s002g007t032r000p000h42b06306*3A\r\n'
2020-11-23 15:10
wind direction:  0.0  degrees
wind speed avg:  0.8940800000000001  m/s
wind speed:  3.12928  m/s
temperature:  0.0  centigrade
humidity:  42.0 %
pressure:  630.6 hpa
Kit:  b'c045s005g007t032r000p000h46b06306*38\r\n'
2020-11-23 15:15
wind direction:  45.0  degrees
wind speed avg:  2.2352  m/s
wind speed:  3.12928  m/s
temperature:  0.0  centigrade
humidity:  46.0 %
pressure:  630.6 hpa
Kit:  b'c045s006g008t033r000p000h46b06305*36\r\n'
2020-11-23 15:20
wind direction:  45.0  degrees
wind speed avg:  2.68224  m/s
wind speed:  3.5763200000000004  m/s
temperature:  0.5555555555555556  centigrade
humidity:  46.0 %
pressure:  630.5 hpa
Kit:  b'c000s002g004t034r000p000h33b06306*39\r\n'
2020-11-23 15:25
wind direction:  0.0  degrees
wind speed avg:  0.8940800000000001  m/s
wind speed:  1.7881600000000002  m/s
temperature:  1.1111111111111112  centigrade
humidity:  33.0 %
pressure:  630.6 hpa
Kit:  b'c045s002g008t032r000p000h48b06306*3E\r\n'
2020-11-23 15:30
wind direction:  45.0  degrees
wind speed avg:  0.8940800000000001  m/s
wind speed:  3.5763200000000004  m/s
temperature:  0.0  centigrade
humidity:  48.0 %
pressure:  630.6 hpa
Kit:  b'c045s004g008t035r000p000h43b06305*37\r\n'
2020-11-23 15:35
wind direction:  45.0  degrees
wind speed avg:  1.7881600000000002  m/s
wind speed:  3.5763200000000004  m/s
temperature:  1.6666666666666667  centigrade
humidity:  43.0 %
pressure:  630.5 hpa
Kit:  b'c000s002g008t041r000p000h38b06304*3E\r\n'
2020-11-23 15:40
wind direction:  0.0  degrees
wind speed avg:  0.8940800000000001  m/s
wind speed:  3.5763200000000004  m/s
temperature:  5.0  centigrade
humidity:  38.0 %
pressure:  630.4 hpa
Kit:  b'c045s002g010t048r000p000h34b06302*35\r\n'
2020-11-23 15:45
wind direction:  45.0  degrees
wind speed avg:  0.8940800000000001  m/s
wind speed:  4.4704  m/s
temperature:  8.88888888888889  centigrade
humidity:  34.0 %
pressure:  630.2 hpa
Kit:  b'c045s005g008t049r000p000h33b06303*3C\r\n'
2020-11-23 15:50
wind direction:  45.0  degrees
wind speed avg:  2.2352  m/s
wind speed:  3.5763200000000004  m/s
temperature:  9.444444444444445  centigrade
humidity:  33.0 %
pressure:  630.3 hpa
Kit:  b'c000s003g007t050r000p000h31b06303*3E\r\n'
2020-11-23 15:55
wind direction:  0.0  degrees
wind speed avg:  1.34112  m/s
wind speed:  3.12928  m/s
temperature:  10.0  centigrade
humidity:  31.0 %
pressure:  630.3 hpa
Kit:  b'c045s002g005t051r000p000h35b06303*39\r\n'
2020-11-23 16:00
wind direction:  45.0  degrees
wind speed avg:  0.8940800000000001  m/s
wind speed:  2.2352  m/s
temperature:  10.555555555555555  centigrade
humidity:  35.0 %
pressure:  630.3 hpa
Kit:  b'c045s004g008t050r000p000h30b06303*36\r\n'
2020-11-23 16:05
wind direction:  45.0  degrees
wind speed avg:  1.7881600000000002  m/s
wind speed:  3.5763200000000004  m/s
temperature:  10.0  centigrade
humidity:  30.0 %
pressure:  630.3 hpa
Kit:  b'c000s005g008t050r000p000h29b06303*3E\r\n'
2020-11-23 16:10
wind direction:  0.0  degrees
wind speed avg:  2.2352  m/s
wind speed:  3.5763200000000004  m/s
temperature:  10.0  centigrade
humidity:  29.0 %
pressure:  630.3 hpa
Kit:  b'c000s003g008t049r000p000h29b06304*37\r\n'
2020-11-23 16:15
wind direction:  0.0  degrees
wind speed avg:  1.34112  m/s
wind speed:  3.5763200000000004  m/s
temperature:  9.444444444444445  centigrade
humidity:  29.0 %
pressure:  630.4 hpa
Kit:  b''
Traceback (most recent call last):
  File "/home/pi/AWS/Scripts/kit.py", line 70, in <module>
    win_dir += win_direction()
  File "/home/pi/AWS/Scripts/kit.py", line 34, in win_direction
    return int(x[1:4])
ValueError: invalid literal for int() with base 10: b''
Kit:  b'c045s003g008t049r000p000h28b06304*37\r\n'
2020-11-23 16:25
wind direction:  45.0  degrees
wind speed avg:  1.34112  m/s
wind speed:  3.5763200000000004  m/s
temperature:  9.444444444444445  centigrade
humidity:  28.0 %
pressure:  630.4 hpa
Kit:  b'000s002g007t050r000p000h28b06304*30\r\n'
Traceback (most recent call last):
  File "/home/pi/AWS/Scripts/kit.py", line 70, in <module>
    win_dir += win_direction()
  File "/home/pi/AWS/Scripts/kit.py", line 34, in win_direction
    return int(x[1:4])
ValueError: invalid literal for int() with base 10: b'00s'
Kit:  b'c000s002g005t048r000p000h28b06304*3B\r\n'
2020-11-23 16:35
wind direction:  0.0  degrees
wind speed avg:  0.8940800000000001  m/s
wind speed:  2.2352  m/s
temperature:  8.88888888888889  centigrade
humidity:  28.0 %
pressure:  630.4 hpa
Kit:  b'c000s003g007t049r000p000h28b06303*3E\r\n'
2020-11-23 16:40
wind direction:  0.0  degrees
wind speed avg:  1.34112  m/s
wind speed:  3.12928  m/s
temperature:  9.444444444444445  centigrade
humidity:  28.0 %
pressure:  630.3 hpa
Kit:  b'c000s004g007t048r000p000h28b06304*3F\r\n'
2020-11-23 16:45
wind direction:  0.0  degrees
wind speed avg:  1.7881600000000002  m/s
wind speed:  3.12928  m/s
temperature:  8.88888888888889  centigrade
humidity:  28.0 %
pressure:  630.4 hpa
Kit:  b'c045s004g006t048r000p000h28b06303*38\r\n'
2020-11-23 16:50
wind direction:  45.0  degrees
wind speed avg:  1.7881600000000002  m/s
wind speed:  2.68224  m/s
temperature:  8.88888888888889  centigrade
humidity:  28.0 %
pressure:  630.3 hpa
Kit:  b'c000s004g007t048r000p000h28b06304*3F\r\n'
2020-11-23 16:55
wind direction:  0.0  degrees
wind speed avg:  1.7881600000000002  m/s
wind speed:  3.12928  m/s
temperature:  8.88888888888889  centigrade
humidity:  28.0 %
pressure:  630.4 hpa
Kit:  b'c000s003g006t048r000p000h28b06304*39\r\n'
2020-11-23 17:00
wind direction:  0.0  degrees
wind speed avg:  1.34112  m/s
wind speed:  2.68224  m/s
temperature:  8.88888888888889  centigrade
humidity:  28.0 %
pressure:  630.4 hpa
Kit:  b'c000s003g005t048r000p000h28b06304*3A\r\n'
2020-11-23 17:05
wind direction:  0.0  degrees
wind speed avg:  1.34112  m/s
wind speed:  2.2352  m/s
temperature:  8.88888888888889  centigrade
humidity:  28.0 %
pressure:  630.4 hpa
Kit:  b'c045s005g007t047r000p000h27b06304*3F\r\n'
2020-11-23 17:10
wind direction:  45.0  degrees
wind speed avg:  2.2352  m/s
wind speed:  3.12928  m/s
temperature:  8.333333333333334  centigrade
humidity:  27.0 %
pressure:  630.4 hpa
Kit:  b'c000s004g008t046r000p000h27b06305*30\r\n'
2020-11-23 17:15
wind direction:  0.0  degrees
wind speed avg:  1.7881600000000002  m/s
wind speed:  3.5763200000000004  m/s
temperature:  7.777777777777778  centigrade
humidity:  27.0 %
pressure:  630.5 hpa
Kit:  b'c045s003g006t046r000p000h27b06305*38\r\n'
2020-11-23 17:20
wind direction:  45.0  degrees
wind speed avg:  1.34112  m/s
wind speed:  2.68224  m/s
temperature:  7.777777777777778  centigrade
humidity:  27.0 %
pressure:  630.5 hpa
Kit:  b'c045s003g005t045r000p000h27b06305*38\r\n'
2020-11-23 17:25
wind direction:  45.0  degrees
wind speed avg:  1.34112  m/s
wind speed:  2.2352  m/s
temperature:  7.222222222222222  centigrade
humidity:  27.0 %
pressure:  630.5 hpa
Kit:  b'c000s003g005t044r000p000h27b06305*38\r\n'
2020-11-23 17:30
wind direction:  0.0  degrees
wind speed avg:  1.34112  m/s
wind speed:  2.2352  m/s
temperature:  6.666666666666667  centigrade
humidity:  27.0 %
pressure:  630.5 hpa
Kit:  b'c000s002g004t045r000p000h27b06305*39\r\n'
2020-11-23 17:35
wind direction:  0.0  degrees
wind speed avg:  0.8940800000000001  m/s
wind speed:  1.7881600000000002  m/s
temperature:  7.222222222222222  centigrade
humidity:  27.0 %
pressure:  630.5 hpa
Kit:  b'c000s001g004t045r000p000h27b06305*3A\r\n'
2020-11-23 17:40
wind direction:  0.0  degrees
wind speed avg:  0.44704000000000005  m/s
wind speed:  1.7881600000000002  m/s
temperature:  7.222222222222222  centigrade
humidity:  27.0 %
pressure:  630.5 hpa
Kit:  b'c000s001g003t044r000p000h27b06305*3C\r\n'
2020-11-23 17:45
wind direction:  0.0  degrees
wind speed avg:  0.44704000000000005  m/s
wind speed:  1.34112  m/s
temperature:  6.666666666666667  centigrade
humidity:  27.0 %
pressure:  630.5 hpa
Kit:  b'c045s002g002t044r000p000h27b06305*3F\r\n'
2020-11-23 17:50
wind direction:  45.0  degrees
wind speed avg:  0.8940800000000001  m/s
wind speed:  0.8940800000000001  m/s
temperature:  6.666666666666667  centigrade
humidity:  27.0 %
pressure:  630.5 hpa
Kit:  b'c000s001g002t044r000p000h27b06305*3D\r\n'
2020-11-23 17:55
wind direction:  0.0  degrees
wind speed avg:  0.44704000000000005  m/s
wind speed:  0.8940800000000001  m/s
temperature:  6.666666666666667  centigrade
humidity:  27.0 %
pressure:  630.5 hpa
Kit:  b'c000s001g003t044r000p000h27b06305*3C\r\n'
2020-11-23 18:00
wind direction:  0.0  degrees
wind speed avg:  0.44704000000000005  m/s
wind speed:  1.34112  m/s
temperature:  6.666666666666667  centigrade
humidity:  27.0 %
pressure:  630.5 hpa
Kit:  b'c045s001g003t043r000p000h27b06306*39\r\n'
2020-11-23 18:05
wind direction:  45.0  degrees
wind speed avg:  0.44704000000000005  m/s
wind speed:  1.34112  m/s
temperature:  6.111111111111111  centigrade
humidity:  27.0 %
pressure:  630.6 hpa
Kit:  b'c000s001g002t044r000p000h27b06306*3E\r\n'
2020-11-23 18:10
wind direction:  0.0  degrees
wind speed avg:  0.44704000000000005  m/s
wind speed:  0.8940800000000001  m/s
temperature:  6.666666666666667  centigrade
humidity:  27.0 %
pressure:  630.6 hpa
Kit:  b'c000s001g003t044r000p000h27b06306*3F\r\n'
2020-11-23 18:15
wind direction:  0.0  degrees
wind speed avg:  0.44704000000000005  m/s
wind speed:  1.34112  m/s
temperature:  6.666666666666667  centigrade
humidity:  27.0 %
pressure:  630.6 hpa
Kit:  b'000h27b06306*3E\r\n'
Traceback (most recent call last):
  File "/home/pi/AWS/Scripts/kit.py", line 70, in <module>
    win_dir += win_direction()
  File "/home/pi/AWS/Scripts/kit.py", line 34, in win_direction
    return int(x[1:4])
ValueError: invalid literal for int() with base 10: b'00h'
Kit:  b'c000s000g002t044r000p000h27b06306*3F\r\n'
2020-11-23 18:25
wind direction:  0.0  degrees
wind speed avg:  0.0  m/s
wind speed:  0.8940800000000001  m/s
temperature:  6.666666666666667  centigrade
humidity:  27.0 %
pressure:  630.6 hpa
Kit:  b'c000s000g002t045r000p000h27b06306*3E\r\n'
2020-11-23 18:30
wind direction:  0.0  degrees
wind speed avg:  0.0  m/s
wind speed:  0.8940800000000001  m/s
temperature:  7.222222222222222  centigrade
humidity:  27.0 %
pressure:  630.6 hpa
Kit:  b'c000s002g002t045r000p000h27b06306*3C\r\n'
2020-11-23 18:35
wind direction:  0.0  degrees
wind speed avg:  0.8940800000000001  m/s
wind speed:  0.8940800000000001  m/s
temperature:  7.222222222222222  centigrade
humidity:  27.0 %
pressure:  630.6 hpa
Kit:  b'c000s002g004t044r000p000h26b06305*39\r\n'
2020-11-23 18:40
wind direction:  0.0  degrees
wind speed avg:  0.8940800000000001  m/s
wind speed:  1.7881600000000002  m/s
temperature:  6.666666666666667  centigrade
humidity:  26.0 %
pressure:  630.5 hpa
Kit:  b'c045s002g003t044r000p000h27b06307*3C\r\n'
2020-11-23 18:45
wind direction:  45.0  degrees
wind speed avg:  0.8940800000000001  m/s
wind speed:  1.34112  m/s
temperature:  6.666666666666667  centigrade
humidity:  27.0 %
pressure:  630.7 hpa
Kit:  b'c000s002g004t045r000p000h27b06307*3B\r\n'
2020-11-23 18:50
wind direction:  0.0  degrees
wind speed avg:  0.8940800000000001  m/s
wind speed:  1.7881600000000002  m/s
temperature:  7.222222222222222  centigrade
humidity:  27.0 %
pressure:  630.7 hpa
Kit:  b'c045s002g005t044r000p000h27b06307*3A\r\n'
2020-11-23 18:55
wind direction:  45.0  degrees
wind speed avg:  0.8940800000000001  m/s
wind speed:  2.2352  m/s
temperature:  6.666666666666667  centigrade
humidity:  27.0 %
pressure:  630.7 hpa
Kit:  b'c000s002g004t044r000p000h27b06308*35\r\n'
2020-11-23 19:00
wind direction:  0.0  degrees
wind speed avg:  0.8940800000000001  m/s
wind speed:  1.7881600000000002  m/s
temperature:  6.666666666666667  centigrade
humidity:  27.0 %
pressure:  630.8 hpa
Kit:  b'c000s002g004t045r000p000h27b06307*3B\r\n'
2020-11-23 19:05
wind direction:  0.0  degrees
wind speed avg:  0.8940800000000001  m/s
wind speed:  1.7881600000000002  m/s
temperature:  7.222222222222222  centigrade
humidity:  27.0 %
pressure:  630.7 hpa
Kit:  b'c000s002g003t044r000p000h27b06308*32\r\n'
2020-11-23 19:10
wind direction:  0.0  degrees
wind speed avg:  0.8940800000000001  m/s
wind speed:  1.34112  m/s
temperature:  6.666666666666667  centigrade
humidity:  27.0 %
pressure:  630.8 hpa
Kit:  b'c045s002g004t044r000p000h27b06308*34\r\n'
2020-11-23 19:15
wind direction:  45.0  degrees
wind speed avg:  0.8940800000000001  m/s
wind speed:  1.7881600000000002  m/s
temperature:  6.666666666666667  centigrade
humidity:  27.0 %
pressure:  630.8 hpa
Kit:  b'c000s002g004t044r000p000h27b06308*35\r\n'
2020-11-23 19:20
wind direction:  0.0  degrees
wind speed avg:  0.8940800000000001  m/s
wind speed:  1.7881600000000002  m/s
temperature:  6.666666666666667  centigrade
humidity:  27.0 %
pressure:  630.8 hpa
Kit:  b'c000s002g003t044r000p000h27b06308*32\r\n'
2020-11-23 19:25
wind direction:  0.0  degrees
wind speed avg:  0.8940800000000001  m/s
wind speed:  1.34112  m/s
temperature:  6.666666666666667  centigrade
humidity:  27.0 %
pressure:  630.8 hpa
Kit:  b'c000s002g003t044r000p000h27b06308*32\r\n'
2020-11-23 19:30
wind direction:  0.0  degrees
wind speed avg:  0.8940800000000001  m/s
wind speed:  1.34112  m/s
temperature:  6.666666666666667  centigrade
humidity:  27.0 %
pressure:  630.8 hpa
Kit:  b'c000s002g004t044r000p000h26b06308*34\r\n'
2020-11-23 19:35
wind direction:  0.0  degrees
wind speed avg:  0.8940800000000001  m/s
wind speed:  1.7881600000000002  m/s
temperature:  6.666666666666667  centigrade
humidity:  26.0 %
pressure:  630.8 hpa
Kit:  b'c000s002g005t073r000p000h29b06319*3E\r\n'
2020-11-24 12:55
wind direction:  0.0  degrees
wind speed avg:  0.8940800000000001  m/s
wind speed:  2.2352  m/s
temperature:  22.777777777777782  centigrade
humidity:  29.0 %
pressure:  631.9 hpa
Kit:  b'c045s002g005t025r000p000h36b06443*3A\r\n'
2020-11-27 09:15
wind direction:  45.0  degrees
wind speed avg:  0.8940800000000001  m/s
wind speed:  2.2352  m/s
temperature:  -3.888888888888889  centigrade
humidity:  36.0 %
pressure:  644.3 hpa
Kit:  b'c000s002g004t030r000p000h29b06443*30\r\n'
2020-11-27 09:20
wind direction:  0.0  degrees
wind speed avg:  0.8940800000000001  m/s
wind speed:  1.7881600000000002  m/s
temperature:  -1.1111111111111112  centigrade
humidity:  29.0 %
pressure:  644.3 hpa
Kit:  b'c000s002g004t032r000p000h26b06444*3A\r\n'
2020-11-27 09:25
wind direction:  0.0  degrees
wind speed avg:  0.8940800000000001  m/s
wind speed:  1.7881600000000002  m/s
temperature:  0.0  centigrade
humidity:  26.0 %
pressure:  644.4 hpa
Kit:  b'c315s002g003t039r000p000h21b06443*31\r\n'
2020-11-27 09:30
wind direction:  315.0  degrees
wind speed avg:  0.8940800000000001  m/s
wind speed:  1.34112  m/s
temperature:  3.888888888888889  centigrade
humidity:  21.0 %
pressure:  644.3 hpa
Kit:  b'c000s000g002t045r000p000h17b06443*3B\r\n'
2020-11-27 09:35
wind direction:  0.0  degrees
wind speed avg:  0.0  m/s
wind speed:  0.8940800000000001  m/s
temperature:  7.222222222222222  centigrade
humidity:  17.0 %
pressure:  644.3 hpa
Kit:  b'c000s001g002t048r000p000h16b06443*36\r\n'
wind direction:  0.0  degrees
wind speed avg:  0.44704000000000005  m/s
wind speed:  0.8940800000000001  m/s
temperature:  8.88888888888889  centigrade
humidity:  16.0 %
pressure:  644.3 hpa
Kit:  b'c315s002g004t046r000p000h16b06444*3D\r\n'
wind direction:  315.0  degrees
wind speed avg:  0.8940800000000001  m/s
wind speed:  1.7881600000000002  m/s
temperature:  7.777777777777778  centigrade
humidity:  16.0 %
pressure:  644.4 hpa
Kit:  b'c315s002g004t046r000p000h16b06444*3D\r\n'
wind direction:  315.0  degrees
wind speed avg:  0.8940800000000001  m/s
wind speed:  1.7881600000000002  m/s
temperature:  7.777777777777778  centigrade
humidity:  16.0 %
pressure:  644.4 hpa
Kit:  b'c000s002g004t047r000p000h16b06444*3B\r\n'
wind direction:  0.0  degrees
wind speed avg:  0.8940800000000001  m/s
wind speed:  1.7881600000000002  m/s
temperature:  8.333333333333334  centigrade
humidity:  16.0 %
pressure:  644.4 hpa
Kit:  b'c315s002g004t046r000p000h16b06444*3D\r\n'
wind direction:  315.0  degrees
wind speed avg:  0.8940800000000001  m/s
wind speed:  1.7881600000000002  m/s
temperature:  7.777777777777778  centigrade
humidity:  16.0 %
pressure:  644.4 hpa
Kit:  b'\r\n'
Traceback (most recent call last):
  File "/home/pi/AWS/Scripts/kit.py", line 69, in <module>
    win_dir += win_direction()
  File "/home/pi/AWS/Scripts/kit.py", line 34, in win_direction
    return int(x[1:4])
ValueError: invalid literal for int() with base 10: b'\n'
Kit:  b'c315s002g004t048r000p000h15b06445*31\r\n'
wind direction:  315.0  degrees
wind speed avg:  0.8940800000000001  m/s
wind speed:  1.7881600000000002  m/s
temperature:  8.88888888888889  centigrade
humidity:  15.0 %
pressure:  644.5 hpa
Kit:  b'c000s002g005t041r000p000h18b06446*30\r\n'
wind direction:  0.0  degrees
wind speed avg:  0.8940800000000001  m/s
wind speed:  2.2352  m/s
temperature:  5.0  centigrade
humidity:  18.0 %
pressure:  644.6 hpa
Kit:  b'c315s002g004t046r000p000h16b06445*3C\r\n'
wind direction:  315.0  degrees
wind speed avg:  0.8940800000000001  m/s
wind speed:  1.7881600000000002  m/s
temperature:  7.777777777777778  centigrade
humidity:  16.0 %
pressure:  644.5 hpa
Kit:  b'c000s002g005t043r000p000h17b06445*3E\r\n'
wind direction:  0.0  degrees
wind speed avg:  0.8940800000000001  m/s
wind speed:  2.2352  m/s
temperature:  6.111111111111111  centigrade
humidity:  17.0 %
pressure:  644.5 hpa
Kit:  b'c000s002g005t046r000p000h16b06445*3A\r\n'
wind direction:  0.0  degrees
wind speed avg:  0.8940800000000001  m/s
wind speed:  2.2352  m/s
temperature:  7.777777777777778  centigrade
humidity:  16.0 %
pressure:  644.5 hpa
Kit:  b'c000s004g007t041r000p000h20b06445*3C\r\n'
wind direction:  0.0  degrees
wind speed avg:  1.7881600000000002  m/s
wind speed:  3.12928  m/s
temperature:  5.0  centigrade
humidity:  20.0 %
pressure:  644.5 hpa
Kit:  b'c045s001g005t041r000p000h19b06445*30\r\n'
wind direction:  45.0  degrees
wind speed avg:  0.44704000000000005  m/s
wind speed:  2.2352  m/s
temperature:  5.0  centigrade
humidity:  19.0 %
pressure:  644.5 hpa
Kit:  b'c315s002g005t044r000p000h18b06443*37\r\n'
wind direction:  315.0  degrees
wind speed avg:  0.8940800000000001  m/s
wind speed:  2.2352  m/s
temperature:  6.666666666666667  centigrade
humidity:  18.0 %
pressure:  644.3 hpa
Kit:  b'c000s000g004t037r000p000h21b06444*3A\r\n'
wind direction:  0.0  degrees
wind speed avg:  0.0  m/s
wind speed:  1.7881600000000002  m/s
temperature:  2.7777777777777772  centigrade
humidity:  21.0 %
pressure:  644.4 hpa
Kit:  b'c000s002g005t032r000p000h25b06444*38\r\n'
wind direction:  0.0  degrees
wind speed avg:  0.8940800000000001  m/s
wind speed:  2.2352  m/s
temperature:  0.0  centigrade
humidity:  25.0 %
pressure:  644.4 hpa
Kit:  b'c000s005g008t031r000p000h27b06443*34\r\n'
wind direction:  0.0  degrees
wind speed avg:  2.2352  m/s
wind speed:  3.5763200000000004  m/s
temperature:  -0.5555555555555556  centigrade
humidity:  27.0 %
pressure:  644.3 hpa
Kit:  b'c000s005g008t033r000p000h25b06442*35\r\n'
wind direction:  0.0  degrees
wind speed avg:  2.2352  m/s
wind speed:  3.5763200000000004  m/s
temperature:  0.5555555555555556  centigrade
humidity:  25.0 %
pressure:  644.2 hpa
Kit:  b'c000s003g008t036r000p000h26b06442*35\r\n'
wind direction:  0.0  degrees
wind speed avg:  1.34112  m/s
wind speed:  3.5763200000000004  m/s
temperature:  2.2222222222222223  centigrade
humidity:  26.0 %
pressure:  644.2 hpa
Kit:  b'c000s003g008t049r000p000h22b06441*3A\r\n'
wind direction:  0.0  degrees
wind speed avg:  1.34112  m/s
wind speed:  3.5763200000000004  m/s
temperature:  9.444444444444445  centigrade
humidity:  22.0 %
pressure:  644.1 hpa
Kit:  b'c000s005g009t059r000p000h20b06441*3E\r\n'
wind direction:  0.0  degrees
wind speed avg:  2.2352  m/s
wind speed:  4.02336  m/s
temperature:  15.0  centigrade
humidity:  20.0 %
pressure:  644.1 hpa
Kit:  b'c000s005g008t064r000p000h19b06441*3B\r\n'
wind direction:  0.0  degrees
wind speed avg:  2.2352  m/s
wind speed:  3.5763200000000004  m/s
temperature:  17.77777777777778  centigrade
humidity:  19.0 %
pressure:  644.1 hpa
Kit:  b'c045s005g010t069r000p000h18b06441*3F\r\n'
wind direction:  45.0  degrees
wind speed avg:  2.2352  m/s
wind speed:  4.4704  m/s
temperature:  20.555555555555557  centigrade
humidity:  18.0 %
pressure:  644.1 hpa
Kit:  b'c000s003g009t074r000p000h18b06439*33\r\n'
wind direction:  0.0  degrees
wind speed avg:  1.34112  m/s
wind speed:  4.02336  m/s
temperature:  23.333333333333332  centigrade
humidity:  18.0 %
pressure:  643.9 hpa
Kit:  b'c000s003g007t079r000p000h17b06439*3F\r\n'
wind direction:  0.0  degrees
wind speed avg:  1.34112  m/s
wind speed:  3.12928  m/s
temperature:  26.11111111111111  centigrade
humidity:  17.0 %
pressure:  643.9 hpa
Kit:  b'c045s005g010t082r000p000h17b06439*3A\r\n'
wind direction:  45.0  degrees
wind speed avg:  2.2352  m/s
wind speed:  4.4704  m/s
temperature:  27.777777777777782  centigrade
humidity:  17.0 %
pressure:  643.9 hpa
Kit:  b'c000s002g008t082r000p000h17b06439*35\r\n'
wind direction:  0.0  degrees
wind speed avg:  0.8940800000000001  m/s
wind speed:  3.5763200000000004  m/s
temperature:  27.777777777777782  centigrade
humidity:  17.0 %
pressure:  643.9 hpa
Kit:  b'c315s002g008t084r000p000h17b06438*35\r\n'
wind direction:  315.0  degrees
wind speed avg:  0.8940800000000001  m/s
wind speed:  3.5763200000000004  m/s
temperature:  28.88888888888889  centigrade
humidity:  17.0 %
pressure:  643.8 hpa
Kit:  b'c000s005g008t085r000p000h17b06436*3A\r\n'
wind direction:  0.0  degrees
wind speed avg:  2.2352  m/s
wind speed:  3.5763200000000004  m/s
temperature:  29.444444444444443  centigrade
humidity:  17.0 %
pressure:  643.6 hpa
Kit:  b'c045s002g011t086r000p000h17b06435*34\r\n'
wind direction:  45.0  degrees
wind speed avg:  0.8940800000000001  m/s
wind speed:  4.91744  m/s
temperature:  30.0  centigrade
humidity:  17.0 %
pressure:  643.5 hpa
Kit:  b'c000s005g011t086r000p000h17b06436*31\r\n'
wind direction:  0.0  degrees
wind speed avg:  2.2352  m/s
wind speed:  4.91744  m/s
temperature:  30.0  centigrade
humidity:  17.0 %
pressure:  643.6 hpa
Kit:  b'c000s002g008t087r000p000h17b06434*3D\r\n'
wind direction:  0.0  degrees
wind speed avg:  0.8940800000000001  m/s
wind speed:  3.5763200000000004  m/s
temperature:  30.555555555555557  centigrade
humidity:  17.0 %
pressure:  643.4 hpa
Kit:  b'c045s005g011t090r000p000h17b06433*32\r\n'
wind direction:  45.0  degrees
wind speed avg:  2.2352  m/s
wind speed:  4.91744  m/s
temperature:  32.22222222222222  centigrade
humidity:  17.0 %
pressure:  643.3 hpa
Kit:  b'c045s007g009t090r000p000h17b06434*3E\r\n'
wind direction:  45.0  degrees
wind speed avg:  3.12928  m/s
wind speed:  4.02336  m/s
temperature:  32.22222222222222  centigrade
humidity:  17.0 %
pressure:  643.4 hpa
Kit:  b'c045s002g009t089r000p000h17b06433*34\r\n'
wind direction:  45.0  degrees
wind speed avg:  0.8940800000000001  m/s
wind speed:  4.02336  m/s
temperature:  31.666666666666668  centigrade
humidity:  17.0 %
pressure:  643.3 hpa
Kit:  b'c045s003g009t090r000p000h17b06433*3D\r\n'
wind direction:  45.0  degrees
wind speed avg:  1.34112  m/s
wind speed:  4.02336  m/s
temperature:  32.22222222222222  centigrade
humidity:  17.0 %
pressure:  643.3 hpa
Kit:  b'c045s004g014t090r000p000h17b06433*36\r\n'
wind direction:  45.0  degrees
wind speed avg:  1.7881600000000002  m/s
wind speed:  6.25856  m/s
temperature:  32.22222222222222  centigrade
humidity:  17.0 %
pressure:  643.3 hpa
Kit:  b'c000s004g008t091r000p000h17b06432*3A\r\n'
wind direction:  0.0  degrees
wind speed avg:  1.7881600000000002  m/s
wind speed:  3.5763200000000004  m/s
temperature:  32.77777777777778  centigrade
humidity:  17.0 %
pressure:  643.2 hpa
