Traceback (most recent call last):
  File "/home/pi/AWS/Scripts/kit.py", line 70, in <module>
    win_dir += win_direction()
  File "/home/pi/AWS/Scripts/kit.py", line 34, in win_direction
    return int(x[1:4])
ValueError: invalid literal for int() with base 10: b''
2020-12-08 12:00:00
Traceback (most recent call last):
  File "/home/pi/AWS/Scripts/kit.py", line 71, in <module>
    win_avg += windspeedaverage()
  File "/home/pi/AWS/Scripts/kit.py", line 38, in windspeedaverage
    t = 0.44704 * float(x[5:8])
ValueError: could not convert string to float: b'14b'
Traceback (most recent call last):
  File "/home/pi/AWS/Scripts/kit.py", line 70, in <module>
    win_dir += win_direction()
  File "/home/pi/AWS/Scripts/kit.py", line 34, in win_direction
    return int(x[1:4])
ValueError: invalid literal for int() with base 10: b'1*3'
Traceback (most recent call last):
  File "/home/pi/AWS/Scripts/kit.py", line 70, in <module>
    win_dir += win_direction()
  File "/home/pi/AWS/Scripts/kit.py", line 34, in win_direction
    return int(x[1:4])
ValueError: invalid literal for int() with base 10: b'g00'
Traceback (most recent call last):
  File "/home/pi/AWS/Scripts/kit.py", line 74, in <module>
    hum += humidity()
  File "/home/pi/AWS/Scripts/kit.py", line 53, in humidity
    return float(x[25:27])
ValueError: could not convert string to float: b'*3'
Traceback (most recent call last):
  File "/home/pi/AWS/Scripts/kit.py", line 73, in <module>
    temp += temperature()
  File "/home/pi/AWS/Scripts/kit.py", line 48, in temperature
    t = (float(x[13:16]) - 32.00) * 5.00 / 9.00
ValueError: could not convert string to float: b'16b'
Traceback (most recent call last):
  File "/home/pi/AWS/Scripts/kit.py", line 70, in <module>
    win_dir += win_direction()
  File "/home/pi/AWS/Scripts/kit.py", line 34, in win_direction
    return int(x[1:4])
ValueError: invalid literal for int() with base 10: b'25s'
Traceback (most recent call last):
  File "/home/pi/AWS/Scripts/kit.py", line 71, in <module>
    win_avg += windspeedaverage()
  File "/home/pi/AWS/Scripts/kit.py", line 38, in windspeedaverage
    t = 0.44704 * float(x[5:8])
ValueError: could not convert string to float: b'*3A'
Traceback (most recent call last):
  File "/home/pi/AWS/Scripts/kit.py", line 71, in <module>
    win_avg += windspeedaverage()
  File "/home/pi/AWS/Scripts/kit.py", line 38, in windspeedaverage
    t = 0.44704 * float(x[5:8])
ValueError: could not convert string to float: 
Traceback (most recent call last):
  File "/home/pi/AWS/Scripts/kit.py", line 70, in <module>
    win_dir += win_direction()
  File "/home/pi/AWS/Scripts/kit.py", line 34, in win_direction
    return int(x[1:4])
ValueError: invalid literal for int() with base 10: b'3E\r'
2020-12-11 12:00:00
Traceback (most recent call last):
  File "/home/pi/AWS/Scripts/kit.py", line 70, in <module>
    win_dir += win_direction()
  File "/home/pi/AWS/Scripts/kit.py", line 34, in win_direction
    return int(x[1:4])
ValueError: invalid literal for int() with base 10: b'p00'
Traceback (most recent call last):
  File "/home/pi/AWS/Scripts/kit.py", line 70, in <module>
    win_dir += win_direction()
  File "/home/pi/AWS/Scripts/kit.py", line 34, in win_direction
    return int(x[1:4])
ValueError: invalid literal for int() with base 10: b'h18'
Traceback (most recent call last):
  File "/home/pi/AWS/Scripts/kit.py", line 70, in <module>
    win_dir += win_direction()
  File "/home/pi/AWS/Scripts/kit.py", line 34, in win_direction
    return int(x[1:4])
ValueError: invalid literal for int() with base 10: b't06'
Traceback (most recent call last):
  File "/home/pi/AWS/Scripts/kit.py", line 71, in <module>
    win_avg += windspeedaverage()
  File "/home/pi/AWS/Scripts/kit.py", line 38, in windspeedaverage
    t = 0.44704 * float(x[5:8])
ValueError: could not convert string to float: b'3E\r'
Traceback (most recent call last):
  File "/home/pi/AWS/Scripts/kit.py", line 70, in <module>
    win_dir += win_direction()
  File "/home/pi/AWS/Scripts/kit.py", line 34, in win_direction
    return int(x[1:4])
ValueError: invalid literal for int() with base 10: b't07'
Traceback (most recent call last):
  File "/home/pi/AWS/Scripts/kit.py", line 70, in <module>
    win_dir += win_direction()
  File "/home/pi/AWS/Scripts/kit.py", line 34, in win_direction
    return int(x[1:4])
ValueError: invalid literal for int() with base 10: b'g02'
2020-12-12 12:00:00
Traceback (most recent call last):
  File "/home/pi/AWS/Scripts/kit.py", line 70, in <module>
    win_dir += win_direction()
  File "/home/pi/AWS/Scripts/kit.py", line 34, in win_direction
    return int(x[1:4])
ValueError: invalid literal for int() with base 10: b'5s0'
Traceback (most recent call last):
  File "/home/pi/AWS/Scripts/kit.py", line 71, in <module>
    win_avg += windspeedaverage()
  File "/home/pi/AWS/Scripts/kit.py", line 38, in windspeedaverage
    t = 0.44704 * float(x[5:8])
ValueError: could not convert string to float: 
2020-12-13 12:00:00
Traceback (most recent call last):
  File "/home/pi/AWS/Scripts/kit.py", line 70, in <module>
    win_dir += win_direction()
  File "/home/pi/AWS/Scripts/kit.py", line 34, in win_direction
    return int(x[1:4])
ValueError: invalid literal for int() with base 10: b'86r'
Traceback (most recent call last):
  File "/home/pi/AWS/Scripts/kit.py", line 70, in <module>
    win_dir += win_direction()
  File "/home/pi/AWS/Scripts/kit.py", line 34, in win_direction
    return int(x[1:4])
ValueError: invalid literal for int() with base 10: b'h12'
Traceback (most recent call last):
  File "/home/pi/AWS/Scripts/kit.py", line 70, in <module>
    win_dir += win_direction()
  File "/home/pi/AWS/Scripts/kit.py", line 34, in win_direction
    return int(x[1:4])
ValueError: invalid literal for int() with base 10: b''
Traceback (most recent call last):
  File "/home/pi/AWS/Scripts/kit.py", line 70, in <module>
    win_dir += win_direction()
  File "/home/pi/AWS/Scripts/kit.py", line 34, in win_direction
    return int(x[1:4])
ValueError: invalid literal for int() with base 10: b'35s'
Traceback (most recent call last):
  File "/home/pi/AWS/Scripts/kit.py", line 70, in <module>
    win_dir += win_direction()
  File "/home/pi/AWS/Scripts/kit.py", line 34, in win_direction
    return int(x[1:4])
ValueError: invalid literal for int() with base 10: b'b06'
Traceback (most recent call last):
  File "/home/pi/AWS/Scripts/kit.py", line 70, in <module>
    win_dir += win_direction()
  File "/home/pi/AWS/Scripts/kit.py", line 34, in win_direction
    return int(x[1:4])
ValueError: invalid literal for int() with base 10: b''
Traceback (most recent call last):
  File "/home/pi/AWS/Scripts/kit.py", line 70, in <module>
    win_dir += win_direction()
  File "/home/pi/AWS/Scripts/kit.py", line 34, in win_direction
    return int(x[1:4])
ValueError: invalid literal for int() with base 10: b'25s'
Traceback (most recent call last):
  File "/home/pi/AWS/Scripts/kit.py", line 75, in <module>
    pressure += barpressure()
  File "/home/pi/AWS/Scripts/kit.py", line 57, in barpressure
    t = float(x[28:33])
ValueError: could not convert string to float: b'0*30\r'
Traceback (most recent call last):
  File "/home/pi/AWS/Scripts/kit.py", line 70, in <module>
    win_dir += win_direction()
  File "/home/pi/AWS/Scripts/kit.py", line 34, in win_direction
    return int(x[1:4])
ValueError: invalid literal for int() with base 10: b''
Traceback (most recent call last):
  File "/home/pi/AWS/Scripts/kit.py", line 70, in <module>
    win_dir += win_direction()
  File "/home/pi/AWS/Scripts/kit.py", line 34, in win_direction
    return int(x[1:4])
ValueError: invalid literal for int() with base 10: b'13t'
Traceback (most recent call last):
  File "/home/pi/AWS/Scripts/kit.py", line 70, in <module>
    win_dir += win_direction()
  File "/home/pi/AWS/Scripts/kit.py", line 34, in win_direction
    return int(x[1:4])
ValueError: invalid literal for int() with base 10: b's00'
Traceback (most recent call last):
  File "/home/pi/AWS/Scripts/kit.py", line 70, in <module>
    win_dir += win_direction()
  File "/home/pi/AWS/Scripts/kit.py", line 34, in win_direction
    return int(x[1:4])
ValueError: invalid literal for int() with base 10: b''
/bin/sh: 1: /home/pi/AWS/Scripts/pt.py: not found
