Finding initial SS....
WB:  (Fraction(395, 256), Fraction(245, 128))
Exp: 66570	FR: 15.000000	 Capture Time: 0.470000
ss:     122373	x:  0.0665 br:   74	
Exp: 66570	FR: 8.170000	 Capture Time: 0.410000
ss:     225292	x:  0.1224 br:   74	
Exp: 122337	FR: 4.440000	 Capture Time: 0.600000
ss:     316987	x:  0.2254 br:  101	
Exp: 225251	FR: 3.150000	 Capture Time: 0.810000
ss:     295201	x:  0.3172 br:  132	
Exp: 295176	FR: 3.390000	 Capture Time: 0.950000
ss:     204134	x:  0.2954 br:  147	
Exp: 204059	FR: 4.900000	 Capture Time: 0.760000
ss:     208533	x:  0.2043 br:  126	
Set up timelapser with: 
	maxtime :	-1
	maxshots:	-1
	interval:	1800
	Brightns:	128
	Size  :	3280 x 2460
Exp: 204059	FR: 4.800000	 Capture Time: 1.220000
SS:     208572	X:    0.210	BR:  127	ISO:  100	Shots:     1
Exp: 208539	FR: 4.790000	 Capture Time: 1.160000
SS:     250266	X:    0.250	BR:    0	ISO:  100	Shots:     1
Exp: 208539	FR: 4.000000	 Capture Time: 1.150000
SS:     300299	X:    0.300	BR:    0	ISO:  100	Shots:     1
Exp: 250393	FR: 3.330000	 Capture Time: 1.220000
SS:     360338	X:    0.360	BR:    0	ISO:  100	Shots:     1
Exp: 300375	FR: 2.780000	 Capture Time: 1.330000
SS:     432385	X:    0.430	BR:    0	ISO:  100	Shots:     1
Exp: 360471	FR: 2.310000	 Capture Time: 1.460000
SS:     518842	X:    0.520	BR:    0	ISO:  100	Shots:     1
Exp: 432344	FR: 1.930000	 Capture Time: 1.600000
SS:     622590	X:    0.620	BR:    0	ISO:  100	Shots:     1
Exp: 519189	FR: 1.610000	 Capture Time: 1.760000
SS:     747088	X:    0.750	BR:    0	ISO:  100	Shots:     1
Exp: 622802	FR: 1.340000	 Capture Time: 1.960000
SS:     896485	X:    0.900	BR:    0	ISO:  100	Shots:     1
Exp: 748457	FR: 1.120000	 Capture Time: 2.220000
SS:     999000	X:    1.000	BR:    0	ISO:  100	Shots:     1
Exp: 898176	FR: 1.000000	 Capture Time: 2.510000
SS:     999000	X:    1.000	BR:    0	ISO:  100	Shots:     1
Exp: 998991	FR: 1.000000	 Capture Time: 2.710000
SS:     999000	X:    1.000	BR:    0	ISO:  100	Shots:     1
Exp: 998991	FR: 1.000000	 Capture Time: 2.720000
SS:     999000	X:    1.000	BR:    0	ISO:  100	Shots:     1
Exp: 998991	FR: 1.000000	 Capture Time: 2.720000
SS:     999000	X:    1.000	BR:    0	ISO:  100	Shots:     1
Exp: 998991	FR: 1.000000	 Capture Time: 2.720000
SS:     999000	X:    1.000	BR:    0	ISO:  100	Shots:     1
Exp: 998991	FR: 1.000000	 Capture Time: 2.720000
SS:     999000	X:    1.000	BR:    0	ISO:  100	Shots:     1
Exp: 998991	FR: 1.000000	 Capture Time: 2.720000
SS:     999000	X:    1.000	BR:    0	ISO:  100	Shots:     1
Exp: 998991	FR: 1.000000	 Capture Time: 2.720000
SS:     999000	X:    1.000	BR:    0	ISO:  100	Shots:     1
Exp: 998991	FR: 1.000000	 Capture Time: 2.720000
SS:     999000	X:    1.000	BR:    0	ISO:  100	Shots:     1
Exp: 998991	FR: 1.000000	 Capture Time: 2.720000
SS:     999000	X:    1.000	BR:    0	ISO:  100	Shots:     1
Exp: 998991	FR: 1.000000	 Capture Time: 2.720000
SS:     999000	X:    1.000	BR:    0	ISO:  100	Shots:     1
Exp: 998991	FR: 1.000000	 Capture Time: 2.720000
SS:     999000	X:    1.000	BR:    0	ISO:  100	Shots:     1
Exp: 998991	FR: 1.000000	 Capture Time: 2.720000
SS:     999000	X:    1.000	BR:    0	ISO:  100	Shots:     1
Exp: 998991	FR: 1.000000	 Capture Time: 2.720000
SS:     999000	X:    1.000	BR:    0	ISO:  100	Shots:     1
Exp: 998991	FR: 1.000000	 Capture Time: 2.720000
SS:     999000	X:    1.000	BR:    0	ISO:  100	Shots:     1
Exp: 998991	FR: 1.000000	 Capture Time: 2.720000
SS:     999000	X:    1.000	BR:    0	ISO:  100	Shots:     1
Exp: 998991	FR: 1.000000	 Capture Time: 2.760000
SS:     999000	X:    1.000	BR:   17	ISO:  100	Shots:     1
Exp: 998991	FR: 1.000000	 Capture Time: 3.010000
SS:     800780	X:    0.800	BR:  255	ISO:  100	Shots:     1
Exp: 800764	FR: 1.250000	 Capture Time: 2.610000
SS:     641895	X:    0.640	BR:  255	ISO:  100	Shots:     1
Exp: 641895	FR: 1.560000	 Capture Time: 2.270000
SS:     514538	X:    0.520	BR:  255	ISO:  100	Shots:     1
Exp: 514538	FR: 1.940000	 Capture Time: 2.010000
SS:     412550	X:    0.410	BR:  254	ISO:  100	Shots:     1
Exp: 412532	FR: 2.420000	 Capture Time: 1.810000
SS:     330975	X:    0.330	BR:  254	ISO:  100	Shots:     1
Exp: 330962	FR: 3.020000	 Capture Time: 1.650000
SS:     266061	X:    0.270	BR:  253	ISO:  100	Shots:     1
Exp: 266026	FR: 3.760000	 Capture Time: 1.510000
SS:     213496	X:    0.210	BR:  254	ISO:  100	Shots:     1
Exp: 213417	FR: 4.680000	 Capture Time: 1.410000
SS:     171166	X:    0.170	BR:  254	ISO:  100	Shots:     1
Exp: 171147	FR: 5.840000	 Capture Time: 1.330000
SS:     137225	X:    0.140	BR:  254	ISO:  100	Shots:     1
Exp: 137177	FR: 7.290000	 Capture Time: 1.260000
SS:     110014	X:    0.110	BR:  255	ISO:  100	Shots:     1
Exp: 109974	FR: 9.090000	 Capture Time: 1.210000
SS:      88202	X:    0.090	BR:  255	ISO:  100	Shots:     1
Exp: 88121	FR: 11.340000	 Capture Time: 1.170000
SS:      70719	X:    0.070	BR:  255	ISO:  100	Shots:     1
Exp: 70635	FR: 14.140000	 Capture Time: 1.160000
SS:      56705	X:    0.060	BR:  255	ISO:  100	Shots:     1
Finding initial SS....
WB:  (Fraction(485, 256), Fraction(397, 256))
Exp: 501	FR: 15.000000	 Capture Time: 0.340000
ss:        438	x:  0.0004 br:  137	
Exp: 425	FR: 15.000000	 Capture Time: 0.340000
ss:        432	x:  0.0003 br:  129	
Set up timelapser with: 
	maxtime :	-1
	maxshots:	-1
	interval:	1800
	Brightns:	128
	Size  :	3280 x 2460
Exp: 425	FR: 15.000000	 Capture Time: 0.680000
SS:        430	X:    0.000	BR:  130	ISO:  100	Shots:     1
Finding initial SS....
WB:  (Fraction(485, 256), Fraction(397, 256))
Exp: 406	FR: 15.000000	 Capture Time: 0.340000
ss:        365	x:  0.0003 br:  136	
Exp: 350	FR: 15.000000	 Capture Time: 0.400000
ss:        362	x:  0.0003 br:  128	
Set up timelapser with: 
	maxtime :	-1
	maxshots:	-1
	interval:	1800
	Brightns:	128
	Size  :	3280 x 2460
Exp: 350	FR: 15.000000	 Capture Time: 0.690000
SS:        361	X:    0.000	BR:  130	ISO:  100	Shots:     1
Finding initial SS....
WB:  (Fraction(485, 256), Fraction(397, 256))
Exp: 350	FR: 15.000000	 Capture Time: 0.360000
ss:        100	x:  0.0003 br:  198	
Exp: 85	FR: 15.000000	 Capture Time: 0.360000
ss:        100	x:  0.0000 br:   97	
Exp: 85	FR: 15.000000	 Capture Time: 0.360000
ss:        100	x:  0.0000 br:   97	
Set up timelapser with: 
	maxtime :	-1
	maxshots:	-1
	interval:	1800
	Brightns:	128
	Size  :	3280 x 2460
Exp: 85	FR: 15.000000	 Capture Time: 0.600000
SS:        100	X:    0.000	BR:   98	ISO:  100	Shots:     1
Finding initial SS....
WB:  (Fraction(485, 256), Fraction(397, 256))
Exp: 236	FR: 15.000000	 Capture Time: 0.350000
ss:        227	x:  0.0001 br:  131	
Set up timelapser with: 
	maxtime :	-1
	maxshots:	-1
	interval:	1800
	Brightns:	128
	Size  :	3280 x 2460
Exp: 217	FR: 15.000000	 Capture Time: 0.600000
SS:        227	X:    0.000	BR:  127	ISO:  100	Shots:     1
Finding initial SS....
WB:  (Fraction(485, 256), Fraction(397, 256))
Exp: 1030	FR: 15.000000	 Capture Time: 0.380000
ss:       1157	x:  0.0009 br:  119	
Exp: 1144	FR: 15.000000	 Capture Time: 0.370000
ss:       1224	x:  0.0011 br:  123	
Exp: 1219	FR: 15.000000	 Capture Time: 0.370000
ss:       1229	x:  0.0011 br:  127	
Set up timelapser with: 
	maxtime :	-1
	maxshots:	-1
	interval:	10
	Brightns:	128
	Size  :	3280 x 2460
Exp: 1219	FR: 15.000000	 Capture Time: 0.720000
SS:       1225	X:    0.000	BR:  130	ISO:  100	Shots:     1
Exp: 1219	FR: 15.000000	 Capture Time: 0.720000
SS:       1221	X:    0.000	BR:  129	ISO:  100	Shots:     2
Exp: 1219	FR: 15.000000	 Capture Time: 0.690000
SS:       1200	X:    0.000	BR:  139	ISO:  100	Shots:     3
Exp: 1200	FR: 15.000000	 Capture Time: 0.670000
SS:       1194	X:    0.000	BR:  131	ISO:  100	Shots:     4
Exp: 1181	FR: 15.000000	 Capture Time: 0.690000
SS:       1182	X:    0.000	BR:  134	ISO:  100	Shots:     5
Exp: 1181	FR: 15.000000	 Capture Time: 0.700000
SS:       1161	X:    0.000	BR:  140	ISO:  100	Shots:     6
Exp: 1144	FR: 15.000000	 Capture Time: 0.670000
SS:       1177	X:    0.000	BR:  118	ISO:  100	Shots:     7
Exp: 1163	FR: 15.000000	 Capture Time: 0.730000
SS:       1193	X:    0.000	BR:  118	ISO:  100	Shots:     8
Exp: 1181	FR: 15.000000	 Capture Time: 0.650000
SS:       1151	X:    0.000	BR:  152	ISO:  100	Shots:     9
Exp: 1144	FR: 15.000000	 Capture Time: 0.690000
SS:       1164	X:    0.000	BR:  119	ISO:  100	Shots:    10
Exp: 1163	FR: 15.000000	 Capture Time: 0.680000
SS:       1166	X:    0.000	BR:  126	ISO:  100	Shots:    11
Exp: 1163	FR: 15.000000	 Capture Time: 0.770000
SS:       1060	X:    0.000	BR:  191	ISO:  100	Shots:    12
Exp: 1049	FR: 15.000000	 Capture Time: 0.660000
SS:       1098	X:    0.000	BR:  102	ISO:  100	Shots:    13
